2023-10-29 19:49:50,727:WARNING:
'cuml' is a soft dependency and not included in the pycaret installation. Please run: `pip install cuml` to install.
2023-10-29 19:49:50,727:WARNING:
'cuml' is a soft dependency and not included in the pycaret installation. Please run: `pip install cuml` to install.
2023-10-29 19:49:50,727:WARNING:
'cuml' is a soft dependency and not included in the pycaret installation. Please run: `pip install cuml` to install.
2023-10-29 19:49:50,727:WARNING:
'cuml' is a soft dependency and not included in the pycaret installation. Please run: `pip install cuml` to install.
2023-10-29 19:51:07,242:INFO:Initializing load_model()
2023-10-29 19:51:07,242:INFO:load_model(model_name=xgboost_model_20231021, platform=None, authentication=None, verbose=True)
2023-11-03 21:07:15,988:WARNING:
'cuml' is a soft dependency and not included in the pycaret installation. Please run: `pip install cuml` to install.
2023-11-03 21:07:15,989:WARNING:
'cuml' is a soft dependency and not included in the pycaret installation. Please run: `pip install cuml` to install.
2023-11-03 21:07:15,989:WARNING:
'cuml' is a soft dependency and not included in the pycaret installation. Please run: `pip install cuml` to install.
2023-11-03 21:07:15,989:WARNING:
'cuml' is a soft dependency and not included in the pycaret installation. Please run: `pip install cuml` to install.
2023-11-03 21:07:22,720:INFO:Initializing load_model()
2023-11-03 21:07:22,720:INFO:Initializing load_model()
2023-11-03 21:07:22,720:INFO:Initializing load_model()
2023-11-03 21:07:22,720:INFO:Initializing load_model()
2023-11-03 21:07:22,720:INFO:load_model(model_name=xgboost_model_20231021, platform=None, authentication=None, verbose=True)
2023-11-03 21:07:22,720:INFO:Initializing load_model()
2023-11-03 21:07:22,720:INFO:load_model(model_name=xgboost_model_20231021, platform=None, authentication=None, verbose=True)
2023-11-03 21:07:22,720:INFO:load_model(model_name=xgboost_model_20231021, platform=None, authentication=None, verbose=True)
2023-11-03 21:07:22,720:INFO:load_model(model_name=xgboost_model_20231021, platform=None, authentication=None, verbose=True)
2023-11-03 21:07:22,721:INFO:load_model(model_name=xgboost_model_20231021, platform=None, authentication=None, verbose=True)
2023-11-03 22:53:22,385:WARNING:
'cuml' is a soft dependency and not included in the pycaret installation. Please run: `pip install cuml` to install.
2023-11-03 22:53:22,386:WARNING:
'cuml' is a soft dependency and not included in the pycaret installation. Please run: `pip install cuml` to install.
2023-11-03 22:53:22,386:WARNING:
'cuml' is a soft dependency and not included in the pycaret installation. Please run: `pip install cuml` to install.
2023-11-03 22:53:22,386:WARNING:
'cuml' is a soft dependency and not included in the pycaret installation. Please run: `pip install cuml` to install.
2023-11-03 22:53:27,659:INFO:Initializing load_model()
2023-11-03 22:53:27,659:INFO:load_model(model_name=xgboost_model_20231021, platform=None, authentication=None, verbose=True)
2023-11-03 22:53:28,063:INFO:Initializing load_model()
2023-11-03 22:53:28,063:INFO:load_model(model_name=xgboost_model_20231021, platform=None, authentication=None, verbose=True)
2023-11-03 22:53:56,591:INFO:Initializing load_model()
2023-11-03 22:53:56,592:INFO:load_model(model_name=xgboost_model_20231021, platform=None, authentication=None, verbose=True)
2023-11-03 22:53:56,643:INFO:Initializing load_model()
2023-11-03 22:53:56,643:INFO:load_model(model_name=xgboost_model_20231021, platform=None, authentication=None, verbose=True)
2023-11-03 22:54:07,998:INFO:Initializing load_model()
2023-11-03 22:54:07,999:INFO:load_model(model_name=xgboost_model_20231021, platform=None, authentication=None, verbose=True)
2023-11-03 22:54:08,037:INFO:Initializing load_model()
2023-11-03 22:54:08,037:INFO:load_model(model_name=xgboost_model_20231021, platform=None, authentication=None, verbose=True)
2023-11-03 22:54:44,296:INFO:Initializing load_model()
2023-11-03 22:54:44,297:INFO:load_model(model_name=xgboost_model_20231021, platform=None, authentication=None, verbose=True)
2023-11-03 22:54:44,389:INFO:Initializing load_model()
2023-11-03 22:54:44,389:INFO:load_model(model_name=xgboost_model_20231021, platform=None, authentication=None, verbose=True)
2023-11-03 22:54:52,656:INFO:Initializing load_model()
2023-11-03 22:54:52,657:INFO:load_model(model_name=xgboost_model_20231021, platform=None, authentication=None, verbose=True)
2023-11-03 22:54:52,704:INFO:Initializing load_model()
2023-11-03 22:54:52,704:INFO:load_model(model_name=xgboost_model_20231021, platform=None, authentication=None, verbose=True)
2023-11-03 22:55:18,717:INFO:Initializing load_model()
2023-11-03 22:55:18,718:INFO:load_model(model_name=xgboost_model_20231021, platform=None, authentication=None, verbose=True)
2023-11-03 22:55:18,766:INFO:Initializing load_model()
2023-11-03 22:55:18,766:INFO:load_model(model_name=xgboost_model_20231021, platform=None, authentication=None, verbose=True)
2023-11-03 22:55:26,800:INFO:Initializing load_model()
2023-11-03 22:55:26,801:INFO:load_model(model_name=xgboost_model_20231021, platform=None, authentication=None, verbose=True)
2023-11-03 22:55:26,853:INFO:Initializing load_model()
2023-11-03 22:55:26,853:INFO:load_model(model_name=xgboost_model_20231021, platform=None, authentication=None, verbose=True)
2023-11-11 20:11:51,938:WARNING:
'cuml' is a soft dependency and not included in the pycaret installation. Please run: `pip install cuml` to install.
2023-11-11 20:11:51,938:WARNING:
'cuml' is a soft dependency and not included in the pycaret installation. Please run: `pip install cuml` to install.
2023-11-11 20:11:51,939:WARNING:
'cuml' is a soft dependency and not included in the pycaret installation. Please run: `pip install cuml` to install.
2023-11-11 20:11:51,939:WARNING:
'cuml' is a soft dependency and not included in the pycaret installation. Please run: `pip install cuml` to install.
2023-11-11 20:12:04,538:INFO:Initializing load_model()
2023-11-11 20:12:04,538:INFO:Initializing load_model()
2023-11-11 20:12:04,539:INFO:load_model(model_name=xgboost_model_20231021, platform=None, authentication=None, verbose=True)
2023-11-11 20:12:04,539:INFO:load_model(model_name=xgboost_model_20231021, platform=None, authentication=None, verbose=True)
2023-11-11 20:12:05,118:INFO:Transformation Pipeline and Model Successfully Loaded
2023-11-11 20:12:05,118:INFO:Initializing load_model()
2023-11-11 20:12:05,118:INFO:load_model(model_name=xgboost_model_20231021, platform=None, authentication=None, verbose=True)
2023-11-11 20:12:05,119:INFO:Initializing load_model()
2023-11-11 20:12:05,120:INFO:load_model(model_name=xgboost_model_20231021, platform=None, authentication=None, verbose=True)
2023-11-11 21:18:09,869:INFO:Initializing load_model()
2023-11-11 21:18:09,871:INFO:load_model(model_name=xgboost_model_25K_74F_231111, platform=None, authentication=None, verbose=True)
2023-11-11 21:19:13,707:WARNING:
'cuml' is a soft dependency and not included in the pycaret installation. Please run: `pip install cuml` to install.
2023-11-11 21:19:13,707:WARNING:
'cuml' is a soft dependency and not included in the pycaret installation. Please run: `pip install cuml` to install.
2023-11-11 21:19:13,707:WARNING:
'cuml' is a soft dependency and not included in the pycaret installation. Please run: `pip install cuml` to install.
2023-11-11 21:19:13,707:WARNING:
'cuml' is a soft dependency and not included in the pycaret installation. Please run: `pip install cuml` to install.
2023-11-11 21:19:23,071:INFO:Initializing load_model()
2023-11-11 21:19:23,071:INFO:Initializing load_model()
2023-11-11 21:19:23,072:INFO:load_model(model_name=xgboost_model_25K_74F_231111, platform=None, authentication=None, verbose=True)
2023-11-11 21:19:23,072:INFO:load_model(model_name=xgboost_model_25K_74F_231111, platform=None, authentication=None, verbose=True)
2023-11-11 21:21:09,127:INFO:Initializing load_model()
2023-11-11 21:21:09,127:INFO:load_model(model_name=xgboost_model_25K_74F_231111, platform=None, authentication=None, verbose=True)
2023-11-11 21:21:10,739:INFO:Initializing load_model()
2023-11-11 21:21:10,739:INFO:load_model(model_name=xgboost_model_25K_74F_231111, platform=None, authentication=None, verbose=True)
2023-11-11 21:21:12,699:INFO:Initializing load_model()
2023-11-11 21:21:12,700:INFO:load_model(model_name=xgboost_model_25K_74F_231111, platform=None, authentication=None, verbose=True)
2023-11-11 21:21:12,768:INFO:Initializing load_model()
2023-11-11 21:21:12,768:INFO:load_model(model_name=xgboost_model_25K_74F_231111, platform=None, authentication=None, verbose=True)
2023-11-11 21:21:18,974:INFO:Initializing load_model()
2023-11-11 21:21:18,974:INFO:load_model(model_name=xgboost_model_25K_74F_231111, platform=None, authentication=None, verbose=True)
2023-11-11 21:21:19,041:INFO:Initializing load_model()
2023-11-11 21:21:19,041:INFO:load_model(model_name=xgboost_model_25K_74F_231111, platform=None, authentication=None, verbose=True)
2023-11-11 21:21:24,522:INFO:Initializing load_model()
2023-11-11 21:21:24,522:INFO:load_model(model_name=xgboost_model_25K_74F_231111, platform=None, authentication=None, verbose=True)
2023-11-11 21:21:24,585:INFO:Initializing load_model()
2023-11-11 21:21:24,585:INFO:load_model(model_name=xgboost_model_25K_74F_231111, platform=None, authentication=None, verbose=True)
2023-11-11 21:21:30,155:INFO:Initializing load_model()
2023-11-11 21:21:30,155:INFO:load_model(model_name=xgboost_model_25K_74F_231111, platform=None, authentication=None, verbose=True)
2023-11-11 21:21:30,217:INFO:Initializing load_model()
2023-11-11 21:21:30,217:INFO:load_model(model_name=xgboost_model_25K_74F_231111, platform=None, authentication=None, verbose=True)
2023-11-11 21:24:44,671:INFO:Initializing load_model()
2023-11-11 21:24:44,672:INFO:load_model(model_name=xgboost_model_25K_74F_231111, platform=None, authentication=None, verbose=True)
2023-11-11 21:24:44,741:INFO:Initializing load_model()
2023-11-11 21:24:44,741:INFO:load_model(model_name=xgboost_model_25K_74F_231111, platform=None, authentication=None, verbose=True)
2023-11-11 21:24:46,600:INFO:Initializing load_model()
2023-11-11 21:24:46,601:INFO:load_model(model_name=xgboost_model_25K_74F_231111, platform=None, authentication=None, verbose=True)
2023-11-11 21:24:46,666:INFO:Initializing load_model()
2023-11-11 21:24:46,666:INFO:load_model(model_name=xgboost_model_25K_74F_231111, platform=None, authentication=None, verbose=True)
2023-11-11 21:28:12,932:INFO:Initializing load_model()
2023-11-11 21:28:12,932:INFO:load_model(model_name=xgboost_model_25K_74F_231111, platform=None, authentication=None, verbose=True)
2023-11-11 21:28:13,031:INFO:Initializing load_model()
2023-11-11 21:28:13,031:INFO:load_model(model_name=xgboost_model_25K_74F_231111, platform=None, authentication=None, verbose=True)
2023-11-11 21:28:15,034:INFO:Initializing load_model()
2023-11-11 21:28:15,035:INFO:load_model(model_name=xgboost_model_25K_74F_231111, platform=None, authentication=None, verbose=True)
2023-11-11 21:28:15,101:INFO:Initializing load_model()
2023-11-11 21:28:15,101:INFO:load_model(model_name=xgboost_model_25K_74F_231111, platform=None, authentication=None, verbose=True)
2023-11-11 21:28:22,587:INFO:Initializing load_model()
2023-11-11 21:28:22,588:INFO:load_model(model_name=xgboost_model_25K_74F_231111, platform=None, authentication=None, verbose=True)
2023-11-11 21:28:22,643:INFO:Initializing load_model()
2023-11-11 21:28:22,643:INFO:load_model(model_name=xgboost_model_25K_74F_231111, platform=None, authentication=None, verbose=True)
2023-11-11 21:29:47,263:INFO:Initializing load_model()
2023-11-11 21:29:47,264:INFO:load_model(model_name=xgboost_model_25K_74F_231111, platform=None, authentication=None, verbose=True)
2023-11-11 21:29:47,429:INFO:Initializing load_model()
2023-11-11 21:29:47,430:INFO:load_model(model_name=xgboost_model_25K_74F_231111, platform=None, authentication=None, verbose=True)
2023-11-11 21:29:49,386:INFO:Initializing load_model()
2023-11-11 21:29:49,387:INFO:load_model(model_name=xgboost_model_25K_74F_231111, platform=None, authentication=None, verbose=True)
2023-11-11 21:29:49,436:INFO:Initializing load_model()
2023-11-11 21:29:49,436:INFO:load_model(model_name=xgboost_model_25K_74F_231111, platform=None, authentication=None, verbose=True)
2023-11-11 21:29:53,581:INFO:Initializing load_model()
2023-11-11 21:29:53,582:INFO:load_model(model_name=xgboost_model_25K_74F_231111, platform=None, authentication=None, verbose=True)
2023-11-11 21:29:53,641:INFO:Initializing load_model()
2023-11-11 21:29:53,641:INFO:load_model(model_name=xgboost_model_25K_74F_231111, platform=None, authentication=None, verbose=True)
2023-11-11 21:29:56,743:INFO:Initializing load_model()
2023-11-11 21:29:56,743:INFO:load_model(model_name=xgboost_model_25K_74F_231111, platform=None, authentication=None, verbose=True)
2023-11-11 21:29:56,810:INFO:Initializing load_model()
2023-11-11 21:29:56,810:INFO:load_model(model_name=xgboost_model_25K_74F_231111, platform=None, authentication=None, verbose=True)
2023-11-11 21:43:54,139:INFO:Initializing load_model()
2023-11-11 21:43:54,140:INFO:load_model(model_name=xgboost_model_25K_74F_231111, platform=None, authentication=None, verbose=True)
2023-11-11 21:43:54,215:INFO:Initializing load_model()
2023-11-11 21:43:54,215:INFO:load_model(model_name=xgboost_model_25K_74F_231111, platform=None, authentication=None, verbose=True)
2023-11-11 21:43:56,124:INFO:Initializing load_model()
2023-11-11 21:43:56,124:INFO:load_model(model_name=xgboost_model_25K_74F_231111, platform=None, authentication=None, verbose=True)
2023-11-11 21:43:56,186:INFO:Initializing load_model()
2023-11-11 21:43:56,187:INFO:load_model(model_name=xgboost_model_25K_74F_231111, platform=None, authentication=None, verbose=True)
2023-11-11 21:44:00,859:INFO:Initializing load_model()
2023-11-11 21:44:00,860:INFO:load_model(model_name=xgboost_model_25K_74F_231111, platform=None, authentication=None, verbose=True)
2023-11-11 21:44:00,917:INFO:Initializing load_model()
2023-11-11 21:44:00,917:INFO:load_model(model_name=xgboost_model_25K_74F_231111, platform=None, authentication=None, verbose=True)
2023-11-11 21:44:02,997:INFO:Initializing load_model()
2023-11-11 21:44:02,998:INFO:load_model(model_name=xgboost_model_25K_74F_231111, platform=None, authentication=None, verbose=True)
2023-11-11 21:44:03,061:INFO:Initializing load_model()
2023-11-11 21:44:03,061:INFO:load_model(model_name=xgboost_model_25K_74F_231111, platform=None, authentication=None, verbose=True)
2023-11-11 21:44:04,932:WARNING:/Users/1108232/PycharmProjects/MADS-699-Capstone-fa23-team12/webapp/similarity_calculation.py:124: DtypeWarning: Columns (49) have mixed types. Specify dtype option on import or set low_memory=False.
  

2023-11-11 21:44:05,405:WARNING:/Users/1108232/PycharmProjects/MADS-699-Capstone-fa23-team12/webapp/similarity_calculation.py:20: DtypeWarning: Columns (49) have mixed types. Specify dtype option on import or set low_memory=False.
  df_features = pd.read_csv(FEATURE_FILE)

2023-11-11 21:44:50,273:INFO:Initializing load_model()
2023-11-11 21:44:50,274:INFO:load_model(model_name=xgboost_model_25K_74F_231111, platform=None, authentication=None, verbose=True)
2023-11-11 21:44:50,335:INFO:Initializing load_model()
2023-11-11 21:44:50,335:INFO:load_model(model_name=xgboost_model_25K_74F_231111, platform=None, authentication=None, verbose=True)
2023-11-11 21:44:52,255:WARNING:/Users/1108232/PycharmProjects/MADS-699-Capstone-fa23-team12/webapp/similarity_calculation.py:124: DtypeWarning: Columns (49) have mixed types. Specify dtype option on import or set low_memory=False.
  

2023-11-11 21:44:52,715:WARNING:/Users/1108232/PycharmProjects/MADS-699-Capstone-fa23-team12/webapp/similarity_calculation.py:20: DtypeWarning: Columns (49) have mixed types. Specify dtype option on import or set low_memory=False.
  df_features = pd.read_csv(FEATURE_FILE)

2023-11-11 21:45:19,486:INFO:Initializing load_model()
2023-11-11 21:45:19,487:INFO:load_model(model_name=xgboost_model_25K_74F_231111, platform=None, authentication=None, verbose=True)
2023-11-11 21:45:19,549:INFO:Initializing load_model()
2023-11-11 21:45:19,549:INFO:load_model(model_name=xgboost_model_25K_74F_231111, platform=None, authentication=None, verbose=True)
2023-11-11 21:45:20,568:WARNING:/Users/1108232/PycharmProjects/MADS-699-Capstone-fa23-team12/webapp/similarity_calculation.py:124: DtypeWarning: Columns (49) have mixed types. Specify dtype option on import or set low_memory=False.
  

2023-11-11 21:45:21,018:WARNING:/Users/1108232/PycharmProjects/MADS-699-Capstone-fa23-team12/webapp/similarity_calculation.py:20: DtypeWarning: Columns (49) have mixed types. Specify dtype option on import or set low_memory=False.
  df_features = pd.read_csv(FEATURE_FILE)

2023-11-11 21:45:22,631:WARNING:/Users/1108232/PycharmProjects/MADS-699-Capstone-fa23-team12/webapp/similarity_calculation.py:124: DtypeWarning: Columns (49) have mixed types. Specify dtype option on import or set low_memory=False.
  

2023-11-11 21:45:23,084:WARNING:/Users/1108232/PycharmProjects/MADS-699-Capstone-fa23-team12/webapp/similarity_calculation.py:20: DtypeWarning: Columns (49) have mixed types. Specify dtype option on import or set low_memory=False.
  df_features = pd.read_csv(FEATURE_FILE)

2023-11-11 22:22:45,610:INFO:Initializing load_model()
2023-11-11 22:22:45,611:INFO:load_model(model_name=xgboost_model_25K_74F_231111, platform=None, authentication=None, verbose=True)
2023-11-11 22:22:45,744:INFO:Initializing load_model()
2023-11-11 22:22:45,744:INFO:load_model(model_name=xgboost_model_25K_74F_231111, platform=None, authentication=None, verbose=True)
2023-11-11 22:22:48,428:INFO:Initializing load_model()
2023-11-11 22:22:48,428:INFO:load_model(model_name=xgboost_model_25K_74F_231111, platform=None, authentication=None, verbose=True)
2023-11-11 22:22:48,486:INFO:Initializing load_model()
2023-11-11 22:22:48,486:INFO:load_model(model_name=xgboost_model_25K_74F_231111, platform=None, authentication=None, verbose=True)
2023-11-11 22:22:55,734:INFO:Initializing load_model()
2023-11-11 22:22:55,735:INFO:load_model(model_name=xgboost_model_25K_74F_231111, platform=None, authentication=None, verbose=True)
2023-11-11 22:22:55,790:INFO:Initializing load_model()
2023-11-11 22:22:55,790:INFO:load_model(model_name=xgboost_model_25K_74F_231111, platform=None, authentication=None, verbose=True)
2023-11-11 22:23:04,335:INFO:Initializing load_model()
2023-11-11 22:23:04,335:INFO:load_model(model_name=xgboost_model_25K_74F_231111, platform=None, authentication=None, verbose=True)
2023-11-11 22:23:04,394:INFO:Initializing load_model()
2023-11-11 22:23:04,394:INFO:load_model(model_name=xgboost_model_25K_74F_231111, platform=None, authentication=None, verbose=True)
2023-11-11 22:23:06,293:WARNING:/Users/1108232/PycharmProjects/MADS-699-Capstone-fa23-team12/webapp/similarity_calculation.py:124: DtypeWarning: Columns (49) have mixed types. Specify dtype option on import or set low_memory=False.
  

2023-11-11 22:23:06,757:WARNING:/Users/1108232/PycharmProjects/MADS-699-Capstone-fa23-team12/webapp/similarity_calculation.py:20: DtypeWarning: Columns (49) have mixed types. Specify dtype option on import or set low_memory=False.
  df_features = pd.read_csv(FEATURE_FILE)

2023-11-11 22:23:36,026:INFO:Initializing load_model()
2023-11-11 22:23:36,027:INFO:load_model(model_name=xgboost_model_25K_74F_231111, platform=None, authentication=None, verbose=True)
2023-11-11 22:23:36,094:INFO:Initializing load_model()
2023-11-11 22:23:36,094:INFO:load_model(model_name=xgboost_model_25K_74F_231111, platform=None, authentication=None, verbose=True)
2023-11-11 22:23:37,122:WARNING:/Users/1108232/PycharmProjects/MADS-699-Capstone-fa23-team12/webapp/similarity_calculation.py:124: DtypeWarning: Columns (49) have mixed types. Specify dtype option on import or set low_memory=False.
  

2023-11-11 22:23:37,602:WARNING:/Users/1108232/PycharmProjects/MADS-699-Capstone-fa23-team12/webapp/similarity_calculation.py:20: DtypeWarning: Columns (49) have mixed types. Specify dtype option on import or set low_memory=False.
  df_features = pd.read_csv(FEATURE_FILE)

2023-11-11 22:38:02,023:INFO:Initializing load_model()
2023-11-11 22:38:02,023:INFO:load_model(model_name=xgboost_model_25K_74F_231111, platform=None, authentication=None, verbose=True)
2023-11-11 22:38:02,173:INFO:Initializing load_model()
2023-11-11 22:38:02,173:INFO:load_model(model_name=xgboost_model_25K_74F_231111, platform=None, authentication=None, verbose=True)
2023-11-11 22:38:06,226:INFO:Initializing load_model()
2023-11-11 22:38:06,226:INFO:load_model(model_name=xgboost_model_25K_74F_231111, platform=None, authentication=None, verbose=True)
2023-11-11 22:38:06,280:INFO:Initializing load_model()
2023-11-11 22:38:06,280:INFO:load_model(model_name=xgboost_model_25K_74F_231111, platform=None, authentication=None, verbose=True)
2023-11-11 22:38:12,934:INFO:Initializing load_model()
2023-11-11 22:38:12,935:INFO:load_model(model_name=xgboost_model_25K_74F_231111, platform=None, authentication=None, verbose=True)
2023-11-11 22:38:12,993:INFO:Initializing load_model()
2023-11-11 22:38:12,993:INFO:load_model(model_name=xgboost_model_25K_74F_231111, platform=None, authentication=None, verbose=True)
2023-11-11 22:38:16,209:INFO:Initializing load_model()
2023-11-11 22:38:16,209:INFO:load_model(model_name=xgboost_model_25K_74F_231111, platform=None, authentication=None, verbose=True)
2023-11-11 22:38:16,261:INFO:Initializing load_model()
2023-11-11 22:38:16,261:INFO:load_model(model_name=xgboost_model_25K_74F_231111, platform=None, authentication=None, verbose=True)
2023-11-11 22:42:30,119:INFO:Initializing load_model()
2023-11-11 22:42:30,119:INFO:load_model(model_name=xgboost_model_25K_74F_231111, platform=None, authentication=None, verbose=True)
2023-11-11 22:42:30,199:INFO:Initializing load_model()
2023-11-11 22:42:30,200:INFO:load_model(model_name=xgboost_model_25K_74F_231111, platform=None, authentication=None, verbose=True)
2023-11-11 22:42:55,359:INFO:Initializing load_model()
2023-11-11 22:42:55,360:INFO:load_model(model_name=xgboost_model_25K_74F_231111, platform=None, authentication=None, verbose=True)
2023-11-11 22:42:55,427:INFO:Initializing load_model()
2023-11-11 22:42:55,427:INFO:load_model(model_name=xgboost_model_25K_74F_231111, platform=None, authentication=None, verbose=True)
2023-11-11 22:43:02,984:INFO:Initializing load_model()
2023-11-11 22:43:02,986:INFO:load_model(model_name=xgboost_model_25K_74F_231111, platform=None, authentication=None, verbose=True)
2023-11-11 22:43:03,063:INFO:Initializing load_model()
2023-11-11 22:43:03,063:INFO:load_model(model_name=xgboost_model_25K_74F_231111, platform=None, authentication=None, verbose=True)
2023-11-11 22:43:05,664:INFO:Initializing load_model()
2023-11-11 22:43:05,665:INFO:load_model(model_name=xgboost_model_25K_74F_231111, platform=None, authentication=None, verbose=True)
2023-11-11 22:43:05,722:INFO:Initializing load_model()
2023-11-11 22:43:05,722:INFO:load_model(model_name=xgboost_model_25K_74F_231111, platform=None, authentication=None, verbose=True)
2023-11-11 22:45:37,982:INFO:Initializing load_model()
2023-11-11 22:45:37,983:INFO:load_model(model_name=xgboost_model_25K_74F_231111, platform=None, authentication=None, verbose=True)
2023-11-11 22:45:38,137:INFO:Initializing load_model()
2023-11-11 22:45:38,137:INFO:load_model(model_name=xgboost_model_25K_74F_231111, platform=None, authentication=None, verbose=True)
2023-11-11 22:45:41,567:INFO:Initializing load_model()
2023-11-11 22:45:41,567:INFO:load_model(model_name=xgboost_model_25K_74F_231111, platform=None, authentication=None, verbose=True)
2023-11-11 22:45:41,623:INFO:Initializing load_model()
2023-11-11 22:45:41,624:INFO:load_model(model_name=xgboost_model_25K_74F_231111, platform=None, authentication=None, verbose=True)
2023-11-11 22:45:45,818:INFO:Initializing load_model()
2023-11-11 22:45:45,823:INFO:load_model(model_name=xgboost_model_25K_74F_231111, platform=None, authentication=None, verbose=True)
2023-11-11 22:45:45,880:INFO:Initializing load_model()
2023-11-11 22:45:45,881:INFO:load_model(model_name=xgboost_model_25K_74F_231111, platform=None, authentication=None, verbose=True)
2023-11-11 22:45:51,210:INFO:Initializing load_model()
2023-11-11 22:45:51,211:INFO:load_model(model_name=xgboost_model_25K_74F_231111, platform=None, authentication=None, verbose=True)
2023-11-11 22:45:51,267:INFO:Initializing load_model()
2023-11-11 22:45:51,267:INFO:load_model(model_name=xgboost_model_25K_74F_231111, platform=None, authentication=None, verbose=True)
2023-11-11 22:46:03,322:INFO:Initializing load_model()
2023-11-11 22:46:03,323:INFO:load_model(model_name=xgboost_model_25K_74F_231111, platform=None, authentication=None, verbose=True)
2023-11-11 22:46:03,376:INFO:Initializing load_model()
2023-11-11 22:46:03,376:INFO:load_model(model_name=xgboost_model_25K_74F_231111, platform=None, authentication=None, verbose=True)
2023-11-11 22:46:30,492:INFO:Initializing load_model()
2023-11-11 22:46:30,494:INFO:load_model(model_name=xgboost_model_25K_74F_231111, platform=None, authentication=None, verbose=True)
2023-11-11 22:46:30,845:INFO:Initializing load_model()
2023-11-11 22:46:30,846:INFO:load_model(model_name=xgboost_model_25K_74F_231111, platform=None, authentication=None, verbose=True)
2023-11-11 22:46:43,676:INFO:Initializing load_model()
2023-11-11 22:46:43,684:INFO:load_model(model_name=xgboost_model_25K_74F_231111, platform=None, authentication=None, verbose=True)
2023-11-11 22:46:44,283:INFO:Initializing load_model()
2023-11-11 22:46:44,287:INFO:load_model(model_name=xgboost_model_25K_74F_231111, platform=None, authentication=None, verbose=True)
2023-11-11 22:47:46,236:INFO:Initializing load_model()
2023-11-11 22:47:46,267:INFO:load_model(model_name=xgboost_model_25K_74F_231111, platform=None, authentication=None, verbose=True)
2023-11-11 22:47:47,274:INFO:Initializing load_model()
2023-11-11 22:47:47,279:INFO:load_model(model_name=xgboost_model_25K_74F_231111, platform=None, authentication=None, verbose=True)
2023-11-11 22:56:45,080:WARNING:
'cuml' is a soft dependency and not included in the pycaret installation. Please run: `pip install cuml` to install.
2023-11-11 22:56:45,080:WARNING:
'cuml' is a soft dependency and not included in the pycaret installation. Please run: `pip install cuml` to install.
2023-11-11 22:56:45,080:WARNING:
'cuml' is a soft dependency and not included in the pycaret installation. Please run: `pip install cuml` to install.
2023-11-11 22:56:45,080:WARNING:
'cuml' is a soft dependency and not included in the pycaret installation. Please run: `pip install cuml` to install.
2023-11-11 22:56:54,224:INFO:Initializing load_model()
2023-11-11 22:56:54,224:INFO:Initializing load_model()
2023-11-11 22:56:54,224:INFO:load_model(model_name=xgboost_model_25K_74F_231111, platform=None, authentication=None, verbose=True)
2023-11-11 22:56:54,224:INFO:load_model(model_name=xgboost_model_25K_74F_231111, platform=None, authentication=None, verbose=True)
2023-11-11 22:56:54,488:WARNING:/Users/1108232/PycharmProjects/MADS-699-Capstone-fa23-team12/venv/lib/python3.9/site-packages/pycaret/internal/pipeline.py:139: UserWarning: Version mismatch:
current: {'deps_info': {'pip': '21.3.1', 'setuptools': '60.2.0', 'pycaret': '3.1.0', 'IPython': '8.16.1', 'ipywidgets': '8.1.1', 'tqdm': '4.66.1', 'numpy': '1.23.5', 'pandas': '1.5.3', 'jinja2': '3.1.2', 'scipy': '1.10.1', 'joblib': '1.3.2', 'sklearn': '1.2.2', 'pyod': '1.1.0', 'imblearn': '0.11.0', 'category_encoders': '2.6.2', 'lightgbm': 'Installed but version unavailable', 'numba': '0.58.0', 'requests': '2.31.0', 'matplotlib': '3.7.0', 'scikitplot': '0.3.7', 'yellowbrick': '1.5', 'plotly': '5.17.0', 'plotly-resampler': 'Not installed', 'kaleido': '0.2.1', 'schemdraw': '0.15', 'statsmodels': '0.14.0', 'sktime': '0.21.1', 'tbats': '1.1.3', 'pmdarima': '2.0.3', 'psutil': '5.9.5', 'markupsafe': '2.1.3', 'pickle5': 'Not installed', 'cloudpickle': '3.0.0', 'deprecation': '2.1.0', 'xxhash': '3.4.1', 'wurlitzer': '3.0.3'}, 'python': {'version': '3.9.12', 'machine': 'arm64'}}
pickle: {'deps_info': {'pip': '21.3.1', 'setuptools': '60.2.0', 'pycaret': '3.1.0', 'IPython': '8.16.1', 'ipywidgets': '8.1.1', 'tqdm': '4.66.1', 'numpy': '1.23.5', 'pandas': '1.5.3', 'jinja2': '3.1.2', 'scipy': '1.10.1', 'joblib': '1.3.2', 'sklearn': '1.2.2', 'pyod': '1.1.0', 'imblearn': '0.11.0', 'category_encoders': '2.6.2', 'lightgbm': '4.1.0', 'numba': '0.58.0', 'requests': '2.31.0', 'matplotlib': '3.7.0', 'scikitplot': '0.3.7', 'yellowbrick': '1.5', 'plotly': '5.17.0', 'plotly-resampler': 'Not installed', 'kaleido': '0.2.1', 'schemdraw': '0.15', 'statsmodels': '0.14.0', 'sktime': '0.21.1', 'tbats': '1.1.3', 'pmdarima': '2.0.3', 'psutil': '5.9.5', 'markupsafe': '2.1.3', 'pickle5': 'Not installed', 'cloudpickle': '3.0.0', 'deprecation': '2.1.0', 'xxhash': '3.4.1', 'wurlitzer': '3.0.3'}, 'python': {'version': '3.9.12', 'machine': 'arm64'}}
  warnings.warn(

2023-11-11 22:56:54,488:INFO:Transformation Pipeline and Model Successfully Loaded
2023-11-11 22:56:54,488:INFO:Initializing load_model()
2023-11-11 22:56:54,489:INFO:load_model(model_name=xgboost_model_25K_74F_231111, platform=None, authentication=None, verbose=True)
2023-11-11 22:56:54,549:INFO:Transformation Pipeline and Model Successfully Loaded
2023-11-11 22:56:54,582:INFO:Initializing load_model()
2023-11-11 22:56:54,582:INFO:load_model(model_name=xgboost_model_25K_74F_231111, platform=None, authentication=None, verbose=True)
2023-11-12 02:57:02,194:INFO:Initializing load_model()
2023-11-12 02:57:02,199:INFO:load_model(model_name=xgboost_model_25K_74F_231111, platform=None, authentication=None, verbose=True)
2023-11-12 02:57:02,597:INFO:Initializing load_model()
2023-11-12 02:57:02,597:INFO:load_model(model_name=xgboost_model_25K_74F_231111, platform=None, authentication=None, verbose=True)
2023-11-12 03:35:31,197:INFO:Initializing load_model()
2023-11-12 03:35:31,198:INFO:load_model(model_name=xgboost_model_25K_74F_231111, platform=None, authentication=None, verbose=True)
2023-11-12 03:35:31,297:INFO:Initializing load_model()
2023-11-12 03:35:31,297:INFO:load_model(model_name=xgboost_model_25K_74F_231111, platform=None, authentication=None, verbose=True)
2023-11-12 08:16:03,470:INFO:Initializing load_model()
2023-11-12 08:16:03,471:INFO:load_model(model_name=xgboost_model_25K_74F_231111, platform=None, authentication=None, verbose=True)
2023-11-12 08:16:03,581:INFO:Initializing load_model()
2023-11-12 08:16:03,581:INFO:load_model(model_name=xgboost_model_25K_74F_231111, platform=None, authentication=None, verbose=True)
2023-11-12 09:21:23,340:INFO:Initializing load_model()
2023-11-12 09:21:23,342:INFO:load_model(model_name=xgboost_model_25K_74F_231111, platform=None, authentication=None, verbose=True)
2023-11-12 09:21:23,442:INFO:Initializing load_model()
2023-11-12 09:21:23,442:INFO:load_model(model_name=xgboost_model_25K_74F_231111, platform=None, authentication=None, verbose=True)
2023-11-12 11:53:29,769:INFO:Initializing load_model()
2023-11-12 11:53:29,770:INFO:load_model(model_name=xgboost_model_25K_74F_231111, platform=None, authentication=None, verbose=True)
2023-11-12 11:53:29,893:INFO:Initializing load_model()
2023-11-12 11:53:29,893:INFO:load_model(model_name=xgboost_model_25K_74F_231111, platform=None, authentication=None, verbose=True)
2023-11-12 14:23:16,262:INFO:Initializing load_model()
2023-11-12 14:23:16,264:INFO:load_model(model_name=xgboost_model_25K_74F_231111, platform=None, authentication=None, verbose=True)
2023-11-12 14:23:16,365:INFO:Initializing load_model()
2023-11-12 14:23:16,366:INFO:load_model(model_name=xgboost_model_25K_74F_231111, platform=None, authentication=None, verbose=True)
2023-11-12 14:23:20,807:INFO:Initializing load_model()
2023-11-12 14:23:20,808:INFO:load_model(model_name=xgboost_model_25K_74F_231111, platform=None, authentication=None, verbose=True)
2023-11-12 14:23:20,887:INFO:Initializing load_model()
2023-11-12 14:23:20,887:INFO:load_model(model_name=xgboost_model_25K_74F_231111, platform=None, authentication=None, verbose=True)
2023-11-12 15:59:05,655:WARNING:
'cuml' is a soft dependency and not included in the pycaret installation. Please run: `pip install cuml` to install.
2023-11-12 15:59:05,656:WARNING:
'cuml' is a soft dependency and not included in the pycaret installation. Please run: `pip install cuml` to install.
2023-11-12 15:59:05,656:WARNING:
'cuml' is a soft dependency and not included in the pycaret installation. Please run: `pip install cuml` to install.
2023-11-12 15:59:05,656:WARNING:
'cuml' is a soft dependency and not included in the pycaret installation. Please run: `pip install cuml` to install.
2023-11-12 15:59:19,691:INFO:Initializing load_model()
2023-11-12 15:59:19,691:INFO:Initializing load_model()
2023-11-12 15:59:19,691:INFO:Initializing load_model()
2023-11-12 15:59:19,692:INFO:load_model(model_name=xgboost_model_25K_74F_231111, platform=None, authentication=None, verbose=True)
2023-11-12 15:59:19,692:INFO:load_model(model_name=xgboost_model_25K_74F_231111, platform=None, authentication=None, verbose=True)
2023-11-12 15:59:19,692:INFO:load_model(model_name=xgboost_model_25K_74F_231111, platform=None, authentication=None, verbose=True)
2023-11-12 15:59:20,236:INFO:Transformation Pipeline and Model Successfully Loaded
2023-11-12 15:59:20,236:INFO:Initializing load_model()
2023-11-12 15:59:20,236:INFO:load_model(model_name=xgboost_model_25K_74F_231111, platform=None, authentication=None, verbose=True)
2023-11-12 15:59:20,246:WARNING:/Users/1108232/PycharmProjects/MADS-699-Capstone-fa23-team12/venv/lib/python3.9/site-packages/pycaret/internal/pipeline.py:139: UserWarning: Version mismatch:
current: {'deps_info': {'pip': '21.3.1', 'setuptools': '60.2.0', 'pycaret': '3.1.0', 'IPython': '8.16.1', 'ipywidgets': '8.1.1', 'tqdm': '4.66.1', 'numpy': '1.23.5', 'pandas': '1.5.3', 'jinja2': '3.1.2', 'scipy': '1.10.1', 'joblib': '1.3.2', 'sklearn': '1.2.2', 'pyod': '1.1.0', 'imblearn': '0.11.0', 'category_encoders': '2.6.2', 'lightgbm': 'Installed but version unavailable', 'numba': '0.58.0', 'requests': '2.31.0', 'matplotlib': '3.7.0', 'scikitplot': '0.3.7', 'yellowbrick': '1.5', 'plotly': '5.17.0', 'plotly-resampler': 'Not installed', 'kaleido': '0.2.1', 'schemdraw': '0.15', 'statsmodels': '0.14.0', 'sktime': '0.21.1', 'tbats': '1.1.3', 'pmdarima': '2.0.3', 'psutil': '5.9.5', 'markupsafe': '2.1.3', 'pickle5': 'Not installed', 'cloudpickle': '3.0.0', 'deprecation': '2.1.0', 'xxhash': '3.4.1', 'wurlitzer': '3.0.3'}, 'python': {'version': '3.9.12', 'machine': 'arm64'}}
pickle: {'deps_info': {'pip': '21.3.1', 'setuptools': '60.2.0', 'pycaret': '3.1.0', 'IPython': '8.16.1', 'ipywidgets': '8.1.1', 'tqdm': '4.66.1', 'numpy': '1.23.5', 'pandas': '1.5.3', 'jinja2': '3.1.2', 'scipy': '1.10.1', 'joblib': '1.3.2', 'sklearn': '1.2.2', 'pyod': '1.1.0', 'imblearn': '0.11.0', 'category_encoders': '2.6.2', 'lightgbm': '4.1.0', 'numba': '0.58.0', 'requests': '2.31.0', 'matplotlib': '3.7.0', 'scikitplot': '0.3.7', 'yellowbrick': '1.5', 'plotly': '5.17.0', 'plotly-resampler': 'Not installed', 'kaleido': '0.2.1', 'schemdraw': '0.15', 'statsmodels': '0.14.0', 'sktime': '0.21.1', 'tbats': '1.1.3', 'pmdarima': '2.0.3', 'psutil': '5.9.5', 'markupsafe': '2.1.3', 'pickle5': 'Not installed', 'cloudpickle': '3.0.0', 'deprecation': '2.1.0', 'xxhash': '3.4.1', 'wurlitzer': '3.0.3'}, 'python': {'version': '3.9.12', 'machine': 'arm64'}}
  warnings.warn(

2023-11-12 15:59:20,247:INFO:Transformation Pipeline and Model Successfully Loaded
2023-11-12 15:59:20,247:INFO:Initializing load_model()
2023-11-12 15:59:20,247:INFO:load_model(model_name=xgboost_model_25K_74F_231111, platform=None, authentication=None, verbose=True)
2023-11-12 15:59:20,409:INFO:Transformation Pipeline and Model Successfully Loaded
2023-11-12 15:59:20,409:INFO:Transformation Pipeline and Model Successfully Loaded
2023-11-12 15:59:20,415:INFO:
2023-11-12 15:59:20,453:INFO:Initializing load_model()
2023-11-12 15:59:20,454:INFO:load_model(model_name=xgboost_model_25K_74F_231111, platform=None, authentication=None, verbose=True)
2023-11-12 15:59:24,898:INFO:Initializing load_model()
2023-11-12 15:59:24,899:INFO:load_model(model_name=xgboost_model_25K_74F_231111, platform=None, authentication=None, verbose=True)
2023-11-12 15:59:24,994:INFO:Initializing load_model()
2023-11-12 15:59:24,994:INFO:load_model(model_name=xgboost_model_25K_74F_231111, platform=None, authentication=None, verbose=True)
2023-11-12 15:59:41,025:INFO:Initializing load_model()
2023-11-12 15:59:41,026:INFO:load_model(model_name=xgboost_model_25K_74F_231111, platform=None, authentication=None, verbose=True)
2023-11-12 15:59:41,111:INFO:Initializing load_model()
2023-11-12 15:59:41,111:INFO:load_model(model_name=xgboost_model_25K_74F_231111, platform=None, authentication=None, verbose=True)
2023-11-12 15:59:43,344:INFO:Initializing load_model()
2023-11-12 15:59:43,344:INFO:load_model(model_name=xgboost_model_25K_74F_231111, platform=None, authentication=None, verbose=True)
2023-11-12 15:59:43,420:INFO:Initializing load_model()
2023-11-12 15:59:43,420:INFO:load_model(model_name=xgboost_model_25K_74F_231111, platform=None, authentication=None, verbose=True)
2023-11-12 16:00:10,676:INFO:Initializing load_model()
2023-11-12 16:00:10,685:INFO:load_model(model_name=xgboost_model_25K_74F_231111, platform=None, authentication=None, verbose=True)
2023-11-12 16:00:10,800:INFO:Initializing load_model()
2023-11-12 16:00:10,800:INFO:load_model(model_name=xgboost_model_25K_74F_231111, platform=None, authentication=None, verbose=True)
2023-11-12 16:00:13,734:INFO:Initializing load_model()
2023-11-12 16:00:13,735:INFO:load_model(model_name=xgboost_model_25K_74F_231111, platform=None, authentication=None, verbose=True)
2023-11-12 16:00:13,811:INFO:Initializing load_model()
2023-11-12 16:00:13,811:INFO:load_model(model_name=xgboost_model_25K_74F_231111, platform=None, authentication=None, verbose=True)
2023-11-12 16:00:22,395:INFO:Initializing load_model()
2023-11-12 16:00:22,397:INFO:load_model(model_name=xgboost_model_25K_74F_231111, platform=None, authentication=None, verbose=True)
2023-11-12 16:00:22,477:INFO:Initializing load_model()
2023-11-12 16:00:22,477:INFO:load_model(model_name=xgboost_model_25K_74F_231111, platform=None, authentication=None, verbose=True)
2023-11-12 16:01:17,507:INFO:Initializing load_model()
2023-11-12 16:01:17,508:INFO:load_model(model_name=xgboost_model_25K_74F_231111, platform=None, authentication=None, verbose=True)
2023-11-12 16:01:17,588:INFO:Initializing load_model()
2023-11-12 16:01:17,588:INFO:load_model(model_name=xgboost_model_25K_74F_231111, platform=None, authentication=None, verbose=True)
2023-11-12 16:01:28,064:INFO:Initializing load_model()
2023-11-12 16:01:28,066:INFO:load_model(model_name=xgboost_model_25K_74F_231111, platform=None, authentication=None, verbose=True)
2023-11-12 16:01:28,162:INFO:Initializing load_model()
2023-11-12 16:01:28,162:INFO:load_model(model_name=xgboost_model_25K_74F_231111, platform=None, authentication=None, verbose=True)
2023-11-12 16:02:19,073:INFO:Initializing load_model()
2023-11-12 16:02:19,074:INFO:load_model(model_name=xgboost_model_25K_74F_231111, platform=None, authentication=None, verbose=True)
2023-11-12 16:02:19,170:INFO:Initializing load_model()
2023-11-12 16:02:19,170:INFO:load_model(model_name=xgboost_model_25K_74F_231111, platform=None, authentication=None, verbose=True)
2023-11-12 17:14:45,080:INFO:Initializing load_model()
2023-11-12 17:14:45,081:INFO:load_model(model_name=xgboost_model_25K_74F_231111, platform=None, authentication=None, verbose=True)
2023-11-12 17:14:45,183:INFO:Initializing load_model()
2023-11-12 17:14:45,184:INFO:load_model(model_name=xgboost_model_25K_74F_231111, platform=None, authentication=None, verbose=True)
2023-11-12 17:14:45,239:INFO:Initializing load_model()
2023-11-12 17:14:45,239:INFO:load_model(model_name=xgboost_model_25K_74F_231111, platform=None, authentication=None, verbose=True)
2023-11-12 17:14:45,271:INFO:Initializing load_model()
2023-11-12 17:14:45,271:INFO:load_model(model_name=xgboost_model_25K_74F_231111, platform=None, authentication=None, verbose=True)
2023-11-12 17:45:59,927:INFO:Initializing load_model()
2023-11-12 17:45:59,928:INFO:load_model(model_name=xgboost_model_25K_74F_231111, platform=None, authentication=None, verbose=True)
2023-11-12 17:45:59,982:INFO:Initializing load_model()
2023-11-12 17:45:59,982:INFO:load_model(model_name=xgboost_model_25K_74F_231111, platform=None, authentication=None, verbose=True)
2023-11-12 17:46:00,063:INFO:Initializing load_model()
2023-11-12 17:46:00,064:INFO:load_model(model_name=xgboost_model_25K_74F_231111, platform=None, authentication=None, verbose=True)
2023-11-12 17:46:00,079:INFO:Initializing load_model()
2023-11-12 17:46:00,080:INFO:load_model(model_name=xgboost_model_25K_74F_231111, platform=None, authentication=None, verbose=True)
2023-11-12 18:20:16,787:INFO:Initializing load_model()
2023-11-12 18:20:16,787:INFO:load_model(model_name=xgboost_model_25K_74F_231111, platform=None, authentication=None, verbose=True)
2023-11-12 18:20:16,836:INFO:Initializing load_model()
2023-11-12 18:20:16,836:INFO:load_model(model_name=xgboost_model_25K_74F_231111, platform=None, authentication=None, verbose=True)
2023-11-12 18:20:16,862:INFO:Initializing load_model()
2023-11-12 18:20:16,862:INFO:load_model(model_name=xgboost_model_25K_74F_231111, platform=None, authentication=None, verbose=True)
2023-11-12 18:20:16,918:INFO:Initializing load_model()
2023-11-12 18:20:16,918:INFO:load_model(model_name=xgboost_model_25K_74F_231111, platform=None, authentication=None, verbose=True)
2023-11-12 18:29:03,980:INFO:Initializing load_model()
2023-11-12 18:29:03,982:INFO:load_model(model_name=xgboost_model_25K_74F_231111, platform=None, authentication=None, verbose=True)
2023-11-12 18:29:04,044:INFO:Initializing load_model()
2023-11-12 18:29:04,044:INFO:load_model(model_name=xgboost_model_25K_74F_231111, platform=None, authentication=None, verbose=True)
2023-11-12 18:29:04,135:INFO:Initializing load_model()
2023-11-12 18:29:04,135:INFO:load_model(model_name=xgboost_model_25K_74F_231111, platform=None, authentication=None, verbose=True)
2023-11-12 18:29:04,184:INFO:Initializing load_model()
2023-11-12 18:29:04,184:INFO:load_model(model_name=xgboost_model_25K_74F_231111, platform=None, authentication=None, verbose=True)
2023-11-12 18:55:28,441:INFO:Initializing load_model()
2023-11-12 18:55:28,442:INFO:load_model(model_name=xgboost_model_25K_74F_231111, platform=None, authentication=None, verbose=True)
2023-11-12 18:55:28,619:INFO:Initializing load_model()
2023-11-12 18:55:28,619:INFO:load_model(model_name=xgboost_model_25K_74F_231111, platform=None, authentication=None, verbose=True)
2023-11-12 18:55:31,136:INFO:Initializing load_model()
2023-11-12 18:55:31,137:INFO:load_model(model_name=xgboost_model_25K_74F_231111, platform=None, authentication=None, verbose=True)
2023-11-12 18:55:31,201:INFO:Initializing load_model()
2023-11-12 18:55:31,201:INFO:load_model(model_name=xgboost_model_25K_74F_231111, platform=None, authentication=None, verbose=True)
2023-11-12 18:55:36,907:INFO:Initializing load_model()
2023-11-12 18:55:36,909:INFO:load_model(model_name=xgboost_model_25K_74F_231111, platform=None, authentication=None, verbose=True)
2023-11-12 18:55:37,015:INFO:Initializing load_model()
2023-11-12 18:55:37,015:INFO:load_model(model_name=xgboost_model_25K_74F_231111, platform=None, authentication=None, verbose=True)
2023-11-12 18:55:39,590:INFO:Initializing load_model()
2023-11-12 18:55:39,591:INFO:load_model(model_name=xgboost_model_25K_74F_231111, platform=None, authentication=None, verbose=True)
2023-11-12 18:55:39,663:INFO:Initializing load_model()
2023-11-12 18:55:39,663:INFO:load_model(model_name=xgboost_model_25K_74F_231111, platform=None, authentication=None, verbose=True)
2023-11-12 18:56:17,049:INFO:Initializing load_model()
2023-11-12 18:56:17,050:INFO:load_model(model_name=xgboost_model_25K_74F_231111, platform=None, authentication=None, verbose=True)
2023-11-12 18:56:17,148:INFO:Initializing load_model()
2023-11-12 18:56:17,148:INFO:load_model(model_name=xgboost_model_25K_74F_231111, platform=None, authentication=None, verbose=True)
2023-11-12 18:56:27,704:INFO:Initializing load_model()
2023-11-12 18:56:27,716:INFO:load_model(model_name=xgboost_model_25K_74F_231111, platform=None, authentication=None, verbose=True)
2023-11-12 18:56:28,179:INFO:Initializing load_model()
2023-11-12 18:56:28,179:INFO:load_model(model_name=xgboost_model_25K_74F_231111, platform=None, authentication=None, verbose=True)
2023-11-12 18:57:17,741:INFO:Initializing load_model()
2023-11-12 18:57:17,750:INFO:load_model(model_name=xgboost_model_25K_74F_231111, platform=None, authentication=None, verbose=True)
2023-11-12 18:57:18,153:INFO:Initializing load_model()
2023-11-12 18:57:18,154:INFO:load_model(model_name=xgboost_model_25K_74F_231111, platform=None, authentication=None, verbose=True)
2023-11-12 19:01:43,116:WARNING:
'cuml' is a soft dependency and not included in the pycaret installation. Please run: `pip install cuml` to install.
2023-11-12 19:01:43,117:WARNING:
'cuml' is a soft dependency and not included in the pycaret installation. Please run: `pip install cuml` to install.
2023-11-12 19:01:43,117:WARNING:
'cuml' is a soft dependency and not included in the pycaret installation. Please run: `pip install cuml` to install.
2023-11-12 19:01:43,117:WARNING:
'cuml' is a soft dependency and not included in the pycaret installation. Please run: `pip install cuml` to install.
2023-11-12 19:01:50,317:INFO:Initializing load_model()
2023-11-12 19:01:50,317:INFO:load_model(model_name=xgboost_model_25K_74F_231111, platform=None, authentication=None, verbose=True)
2023-11-12 19:01:50,692:INFO:Initializing load_model()
2023-11-12 19:01:50,692:INFO:load_model(model_name=xgboost_model_25K_74F_231111, platform=None, authentication=None, verbose=True)
2023-11-12 19:01:54,080:INFO:Initializing load_model()
2023-11-12 19:01:54,080:INFO:load_model(model_name=xgboost_model_25K_74F_231111, platform=None, authentication=None, verbose=True)
2023-11-12 19:01:54,106:INFO:Initializing load_model()
2023-11-12 19:01:54,106:INFO:load_model(model_name=xgboost_model_25K_74F_231111, platform=None, authentication=None, verbose=True)
2023-11-12 19:01:54,135:INFO:Initializing load_model()
2023-11-12 19:01:54,135:INFO:load_model(model_name=xgboost_model_25K_74F_231111, platform=None, authentication=None, verbose=True)
2023-11-12 19:01:54,181:INFO:Initializing load_model()
2023-11-12 19:01:54,181:INFO:load_model(model_name=xgboost_model_25K_74F_231111, platform=None, authentication=None, verbose=True)
2023-11-12 19:02:05,953:INFO:Initializing load_model()
2023-11-12 19:02:05,953:INFO:load_model(model_name=xgboost_model_25K_74F_231111, platform=None, authentication=None, verbose=True)
2023-11-12 19:02:06,010:INFO:Initializing load_model()
2023-11-12 19:02:06,010:INFO:load_model(model_name=xgboost_model_25K_74F_231111, platform=None, authentication=None, verbose=True)
2023-11-12 19:35:46,089:INFO:Initializing load_model()
2023-11-12 19:35:46,090:INFO:load_model(model_name=xgboost_model_25K_74F_231111, platform=None, authentication=None, verbose=True)
2023-11-12 19:35:46,179:INFO:Initializing load_model()
2023-11-12 19:35:46,179:INFO:load_model(model_name=xgboost_model_25K_74F_231111, platform=None, authentication=None, verbose=True)
2023-11-12 19:35:48,679:INFO:Initializing load_model()
2023-11-12 19:35:48,679:INFO:load_model(model_name=xgboost_model_25K_74F_231111, platform=None, authentication=None, verbose=True)
2023-11-12 19:35:48,753:INFO:Initializing load_model()
2023-11-12 19:35:48,753:INFO:load_model(model_name=xgboost_model_25K_74F_231111, platform=None, authentication=None, verbose=True)
2023-11-12 19:35:52,606:INFO:Initializing load_model()
2023-11-12 19:35:52,606:INFO:load_model(model_name=xgboost_model_25K_74F_231111, platform=None, authentication=None, verbose=True)
2023-11-12 19:35:52,661:INFO:Initializing load_model()
2023-11-12 19:35:52,661:INFO:load_model(model_name=xgboost_model_25K_74F_231111, platform=None, authentication=None, verbose=True)
2023-11-12 19:35:54,785:INFO:Initializing load_model()
2023-11-12 19:35:54,786:INFO:load_model(model_name=xgboost_model_25K_74F_231111, platform=None, authentication=None, verbose=True)
2023-11-12 19:35:54,859:INFO:Initializing load_model()
2023-11-12 19:35:54,859:INFO:load_model(model_name=xgboost_model_25K_74F_231111, platform=None, authentication=None, verbose=True)
2023-11-12 19:36:02,439:INFO:Initializing load_model()
2023-11-12 19:36:02,439:INFO:load_model(model_name=xgboost_model_25K_74F_231111, platform=None, authentication=None, verbose=True)
2023-11-12 19:36:02,509:INFO:Initializing load_model()
2023-11-12 19:36:02,509:INFO:load_model(model_name=xgboost_model_25K_74F_231111, platform=None, authentication=None, verbose=True)
2023-11-12 19:36:11,551:INFO:Initializing load_model()
2023-11-12 19:36:11,566:INFO:load_model(model_name=xgboost_model_25K_74F_231111, platform=None, authentication=None, verbose=True)
2023-11-12 19:36:11,967:INFO:Initializing load_model()
2023-11-12 19:36:11,967:INFO:load_model(model_name=xgboost_model_25K_74F_231111, platform=None, authentication=None, verbose=True)
2023-11-12 19:36:31,761:INFO:Initializing load_model()
2023-11-12 19:36:31,766:INFO:load_model(model_name=xgboost_model_25K_74F_231111, platform=None, authentication=None, verbose=True)
2023-11-12 19:36:33,359:INFO:Initializing load_model()
2023-11-12 19:36:33,368:INFO:load_model(model_name=xgboost_model_25K_74F_231111, platform=None, authentication=None, verbose=True)
2023-11-12 19:37:40,663:INFO:Initializing load_model()
2023-11-12 19:37:40,674:INFO:load_model(model_name=xgboost_model_25K_74F_231111, platform=None, authentication=None, verbose=True)
2023-11-12 19:37:41,070:INFO:Initializing load_model()
2023-11-12 19:37:41,070:INFO:load_model(model_name=xgboost_model_25K_74F_231111, platform=None, authentication=None, verbose=True)
2023-11-12 23:08:23,875:INFO:Initializing load_model()
2023-11-12 23:08:23,876:INFO:load_model(model_name=xgboost_model_25K_74F_231111, platform=None, authentication=None, verbose=True)
2023-11-12 23:08:23,924:INFO:Initializing load_model()
2023-11-12 23:08:23,924:INFO:load_model(model_name=xgboost_model_25K_74F_231111, platform=None, authentication=None, verbose=True)
2023-11-12 23:08:23,958:INFO:Initializing load_model()
2023-11-12 23:08:23,958:INFO:load_model(model_name=xgboost_model_25K_74F_231111, platform=None, authentication=None, verbose=True)
2023-11-12 23:08:23,998:INFO:Initializing load_model()
2023-11-12 23:08:23,998:INFO:load_model(model_name=xgboost_model_25K_74F_231111, platform=None, authentication=None, verbose=True)
2023-11-13 01:43:33,900:INFO:Initializing load_model()
2023-11-13 01:43:33,901:INFO:load_model(model_name=xgboost_model_25K_74F_231111, platform=None, authentication=None, verbose=True)
2023-11-13 01:43:33,968:INFO:Initializing load_model()
2023-11-13 01:43:33,968:INFO:load_model(model_name=xgboost_model_25K_74F_231111, platform=None, authentication=None, verbose=True)
2023-11-13 01:43:34,309:INFO:Initializing load_model()
2023-11-13 01:43:34,309:INFO:load_model(model_name=xgboost_model_25K_74F_231111, platform=None, authentication=None, verbose=True)
2023-11-13 01:43:34,376:INFO:Initializing load_model()
2023-11-13 01:43:34,376:INFO:load_model(model_name=xgboost_model_25K_74F_231111, platform=None, authentication=None, verbose=True)
2023-11-13 02:00:30,382:INFO:Initializing load_model()
2023-11-13 02:00:30,383:INFO:load_model(model_name=xgboost_model_25K_74F_231111, platform=None, authentication=None, verbose=True)
2023-11-13 02:00:30,450:INFO:Initializing load_model()
2023-11-13 02:00:30,450:INFO:load_model(model_name=xgboost_model_25K_74F_231111, platform=None, authentication=None, verbose=True)
2023-11-13 02:36:10,443:INFO:Initializing load_model()
2023-11-13 02:36:10,444:INFO:load_model(model_name=xgboost_model_25K_74F_231111, platform=None, authentication=None, verbose=True)
2023-11-13 02:36:10,520:INFO:Initializing load_model()
2023-11-13 02:36:10,521:INFO:load_model(model_name=xgboost_model_25K_74F_231111, platform=None, authentication=None, verbose=True)
2023-11-13 03:50:43,152:INFO:Initializing load_model()
2023-11-13 03:50:43,152:INFO:load_model(model_name=xgboost_model_25K_74F_231111, platform=None, authentication=None, verbose=True)
2023-11-13 03:50:43,249:INFO:Initializing load_model()
2023-11-13 03:50:43,250:INFO:load_model(model_name=xgboost_model_25K_74F_231111, platform=None, authentication=None, verbose=True)
2023-11-13 04:07:24,230:INFO:Initializing load_model()
2023-11-13 04:07:24,230:INFO:load_model(model_name=xgboost_model_25K_74F_231111, platform=None, authentication=None, verbose=True)
2023-11-13 04:07:24,298:INFO:Initializing load_model()
2023-11-13 04:07:24,298:INFO:load_model(model_name=xgboost_model_25K_74F_231111, platform=None, authentication=None, verbose=True)
2023-11-13 04:25:16,761:INFO:Initializing load_model()
2023-11-13 04:25:16,761:INFO:load_model(model_name=xgboost_model_25K_74F_231111, platform=None, authentication=None, verbose=True)
2023-11-13 04:25:16,771:INFO:Initializing load_model()
2023-11-13 04:25:16,771:INFO:load_model(model_name=xgboost_model_25K_74F_231111, platform=None, authentication=None, verbose=True)
2023-11-13 04:25:16,946:INFO:Initializing load_model()
2023-11-13 04:25:16,946:INFO:Initializing load_model()
2023-11-13 04:25:16,946:INFO:load_model(model_name=xgboost_model_25K_74F_231111, platform=None, authentication=None, verbose=True)
2023-11-13 04:25:16,946:INFO:load_model(model_name=xgboost_model_25K_74F_231111, platform=None, authentication=None, verbose=True)
2023-11-13 05:16:58,251:INFO:Initializing load_model()
2023-11-13 05:16:58,251:INFO:load_model(model_name=xgboost_model_25K_74F_231111, platform=None, authentication=None, verbose=True)
2023-11-13 05:16:58,286:INFO:Initializing load_model()
2023-11-13 05:16:58,286:INFO:load_model(model_name=xgboost_model_25K_74F_231111, platform=None, authentication=None, verbose=True)
2023-11-13 05:16:58,336:INFO:Initializing load_model()
2023-11-13 05:16:58,336:INFO:load_model(model_name=xgboost_model_25K_74F_231111, platform=None, authentication=None, verbose=True)
2023-11-13 05:16:58,362:INFO:Initializing load_model()
2023-11-13 05:16:58,362:INFO:load_model(model_name=xgboost_model_25K_74F_231111, platform=None, authentication=None, verbose=True)
2023-11-13 05:34:16,289:INFO:Initializing load_model()
2023-11-13 05:34:16,289:INFO:load_model(model_name=xgboost_model_25K_74F_231111, platform=None, authentication=None, verbose=True)
2023-11-13 05:34:16,330:INFO:Initializing load_model()
2023-11-13 05:34:16,331:INFO:load_model(model_name=xgboost_model_25K_74F_231111, platform=None, authentication=None, verbose=True)
2023-11-13 05:34:16,370:INFO:Initializing load_model()
2023-11-13 05:34:16,370:INFO:load_model(model_name=xgboost_model_25K_74F_231111, platform=None, authentication=None, verbose=True)
2023-11-13 05:34:16,405:INFO:Initializing load_model()
2023-11-13 05:34:16,405:INFO:load_model(model_name=xgboost_model_25K_74F_231111, platform=None, authentication=None, verbose=True)
2023-11-13 05:52:47,201:INFO:Initializing load_model()
2023-11-13 05:52:47,201:INFO:load_model(model_name=xgboost_model_25K_74F_231111, platform=None, authentication=None, verbose=True)
2023-11-13 05:52:47,330:INFO:Initializing load_model()
2023-11-13 05:52:47,331:INFO:load_model(model_name=xgboost_model_25K_74F_231111, platform=None, authentication=None, verbose=True)
2023-11-13 05:52:47,400:INFO:Initializing load_model()
2023-11-13 05:52:47,401:INFO:load_model(model_name=xgboost_model_25K_74F_231111, platform=None, authentication=None, verbose=True)
2023-11-13 05:52:47,477:INFO:Initializing load_model()
2023-11-13 05:52:47,477:INFO:load_model(model_name=xgboost_model_25K_74F_231111, platform=None, authentication=None, verbose=True)
2023-11-13 06:11:05,673:INFO:Initializing load_model()
2023-11-13 06:11:05,673:INFO:load_model(model_name=xgboost_model_25K_74F_231111, platform=None, authentication=None, verbose=True)
2023-11-13 06:11:05,752:INFO:Initializing load_model()
2023-11-13 06:11:05,752:INFO:load_model(model_name=xgboost_model_25K_74F_231111, platform=None, authentication=None, verbose=True)
2023-11-13 07:02:50,235:INFO:Initializing load_model()
2023-11-13 07:02:50,235:INFO:load_model(model_name=xgboost_model_25K_74F_231111, platform=None, authentication=None, verbose=True)
2023-11-13 07:02:50,308:INFO:Initializing load_model()
2023-11-13 07:02:50,308:INFO:load_model(model_name=xgboost_model_25K_74F_231111, platform=None, authentication=None, verbose=True)
2023-11-13 07:18:53,864:INFO:Initializing load_model()
2023-11-13 07:18:53,865:INFO:load_model(model_name=xgboost_model_25K_74F_231111, platform=None, authentication=None, verbose=True)
2023-11-13 07:18:53,944:INFO:Initializing load_model()
2023-11-13 07:18:53,944:INFO:load_model(model_name=xgboost_model_25K_74F_231111, platform=None, authentication=None, verbose=True)
2023-11-13 08:27:31,904:INFO:Initializing load_model()
2023-11-13 08:27:31,904:INFO:load_model(model_name=xgboost_model_25K_74F_231111, platform=None, authentication=None, verbose=True)
2023-11-13 08:27:31,978:INFO:Initializing load_model()
2023-11-13 08:27:31,978:INFO:load_model(model_name=xgboost_model_25K_74F_231111, platform=None, authentication=None, verbose=True)
2023-11-13 08:27:32,379:INFO:Initializing load_model()
2023-11-13 08:27:32,379:INFO:load_model(model_name=xgboost_model_25K_74F_231111, platform=None, authentication=None, verbose=True)
2023-11-13 08:27:32,447:INFO:Initializing load_model()
2023-11-13 08:27:32,447:INFO:load_model(model_name=xgboost_model_25K_74F_231111, platform=None, authentication=None, verbose=True)
2023-11-13 08:38:28,790:INFO:Initializing load_model()
2023-11-13 08:38:28,791:INFO:load_model(model_name=xgboost_model_25K_74F_231111, platform=None, authentication=None, verbose=True)
2023-11-13 08:38:28,867:INFO:Initializing load_model()
2023-11-13 08:38:28,867:INFO:load_model(model_name=xgboost_model_25K_74F_231111, platform=None, authentication=None, verbose=True)
2023-11-13 08:38:30,040:INFO:Initializing load_model()
2023-11-13 08:38:30,041:INFO:load_model(model_name=xgboost_model_25K_74F_231111, platform=None, authentication=None, verbose=True)
2023-11-13 08:38:30,109:INFO:Initializing load_model()
2023-11-13 08:38:30,109:INFO:load_model(model_name=xgboost_model_25K_74F_231111, platform=None, authentication=None, verbose=True)
2023-11-13 09:01:04,947:INFO:Initializing load_model()
2023-11-13 09:01:04,947:INFO:load_model(model_name=xgboost_model_25K_74F_231111, platform=None, authentication=None, verbose=True)
2023-11-13 09:01:05,029:INFO:Initializing load_model()
2023-11-13 09:01:05,029:INFO:load_model(model_name=xgboost_model_25K_74F_231111, platform=None, authentication=None, verbose=True)
2023-11-13 09:02:36,230:INFO:Initializing load_model()
2023-11-13 09:02:36,230:INFO:load_model(model_name=xgboost_model_25K_74F_231111, platform=None, authentication=None, verbose=True)
2023-11-13 09:02:36,292:INFO:Initializing load_model()
2023-11-13 09:02:36,292:INFO:load_model(model_name=xgboost_model_25K_74F_231111, platform=None, authentication=None, verbose=True)
2023-11-13 09:04:13,753:INFO:Initializing load_model()
2023-11-13 09:04:13,754:INFO:load_model(model_name=xgboost_model_25K_74F_231111, platform=None, authentication=None, verbose=True)
2023-11-13 09:04:13,823:INFO:Initializing load_model()
2023-11-13 09:04:13,823:INFO:load_model(model_name=xgboost_model_25K_74F_231111, platform=None, authentication=None, verbose=True)
2023-11-13 09:04:55,508:INFO:Initializing load_model()
2023-11-13 09:04:55,508:INFO:load_model(model_name=xgboost_model_25K_74F_231111, platform=None, authentication=None, verbose=True)
2023-11-13 09:04:55,571:INFO:Initializing load_model()
2023-11-13 09:04:55,571:INFO:load_model(model_name=xgboost_model_25K_74F_231111, platform=None, authentication=None, verbose=True)
2023-11-13 09:20:12,058:INFO:Initializing load_model()
2023-11-13 09:20:12,059:INFO:load_model(model_name=xgboost_model_25K_74F_231111, platform=None, authentication=None, verbose=True)
2023-11-13 09:20:12,105:INFO:Initializing load_model()
2023-11-13 09:20:12,105:INFO:load_model(model_name=xgboost_model_25K_74F_231111, platform=None, authentication=None, verbose=True)
2023-11-13 09:20:12,186:INFO:Initializing load_model()
2023-11-13 09:20:12,187:INFO:Initializing load_model()
2023-11-13 09:20:12,187:INFO:load_model(model_name=xgboost_model_25K_74F_231111, platform=None, authentication=None, verbose=True)
2023-11-13 09:20:12,187:INFO:load_model(model_name=xgboost_model_25K_74F_231111, platform=None, authentication=None, verbose=True)
2023-11-13 11:44:27,678:INFO:Initializing load_model()
2023-11-13 11:44:27,679:INFO:load_model(model_name=xgboost_model_25K_74F_231111, platform=None, authentication=None, verbose=True)
2023-11-13 11:44:27,690:INFO:Initializing load_model()
2023-11-13 11:44:27,690:INFO:load_model(model_name=xgboost_model_25K_74F_231111, platform=None, authentication=None, verbose=True)
2023-11-13 11:44:27,871:INFO:Initializing load_model()
2023-11-13 11:44:27,871:INFO:Initializing load_model()
2023-11-13 11:44:27,871:INFO:load_model(model_name=xgboost_model_25K_74F_231111, platform=None, authentication=None, verbose=True)
2023-11-13 11:44:27,871:INFO:load_model(model_name=xgboost_model_25K_74F_231111, platform=None, authentication=None, verbose=True)
2023-11-13 12:03:47,337:INFO:Initializing load_model()
2023-11-13 12:03:47,338:INFO:load_model(model_name=xgboost_model_25K_74F_231111, platform=None, authentication=None, verbose=True)
2023-11-13 12:03:47,378:INFO:Initializing load_model()
2023-11-13 12:03:47,379:INFO:load_model(model_name=xgboost_model_25K_74F_231111, platform=None, authentication=None, verbose=True)
2023-11-13 12:03:47,417:INFO:Initializing load_model()
2023-11-13 12:03:47,417:INFO:load_model(model_name=xgboost_model_25K_74F_231111, platform=None, authentication=None, verbose=True)
2023-11-13 12:03:47,446:INFO:Initializing load_model()
2023-11-13 12:03:47,446:INFO:load_model(model_name=xgboost_model_25K_74F_231111, platform=None, authentication=None, verbose=True)
2023-11-13 14:31:02,860:INFO:Initializing load_model()
2023-11-13 14:31:02,861:INFO:load_model(model_name=xgboost_model_25K_74F_231111, platform=None, authentication=None, verbose=True)
2023-11-13 14:31:02,872:INFO:Initializing load_model()
2023-11-13 14:31:02,872:INFO:load_model(model_name=xgboost_model_25K_74F_231111, platform=None, authentication=None, verbose=True)
2023-11-13 14:31:03,107:INFO:Initializing load_model()
2023-11-13 14:31:03,107:INFO:Initializing load_model()
2023-11-13 14:31:03,107:INFO:load_model(model_name=xgboost_model_25K_74F_231111, platform=None, authentication=None, verbose=True)
2023-11-13 14:31:03,107:INFO:load_model(model_name=xgboost_model_25K_74F_231111, platform=None, authentication=None, verbose=True)
2023-11-13 16:11:44,989:INFO:Initializing load_model()
2023-11-13 16:11:44,991:INFO:load_model(model_name=xgboost_model_25K_74F_231111, platform=None, authentication=None, verbose=True)
2023-11-13 16:11:45,000:INFO:Initializing load_model()
2023-11-13 16:11:45,000:INFO:load_model(model_name=xgboost_model_25K_74F_231111, platform=None, authentication=None, verbose=True)
2023-11-13 16:11:45,125:INFO:Initializing load_model()
2023-11-13 16:11:45,125:INFO:load_model(model_name=xgboost_model_25K_74F_231111, platform=None, authentication=None, verbose=True)
2023-11-13 16:11:45,126:INFO:Initializing load_model()
2023-11-13 16:11:45,126:INFO:load_model(model_name=xgboost_model_25K_74F_231111, platform=None, authentication=None, verbose=True)
2023-11-13 18:30:58,106:WARNING:
'cuml' is a soft dependency and not included in the pycaret installation. Please run: `pip install cuml` to install.
2023-11-13 18:30:58,106:WARNING:
'cuml' is a soft dependency and not included in the pycaret installation. Please run: `pip install cuml` to install.
2023-11-13 18:30:58,106:WARNING:
'cuml' is a soft dependency and not included in the pycaret installation. Please run: `pip install cuml` to install.
2023-11-13 18:30:58,106:WARNING:
'cuml' is a soft dependency and not included in the pycaret installation. Please run: `pip install cuml` to install.
2023-11-13 18:31:01,710:INFO:Initializing load_model()
2023-11-13 18:31:01,710:INFO:Initializing load_model()
2023-11-13 18:31:01,710:INFO:Initializing load_model()
2023-11-13 18:31:01,710:INFO:load_model(model_name=xgboost_model_25K_74F_231111, platform=None, authentication=None, verbose=True)
2023-11-13 18:31:01,710:INFO:load_model(model_name=xgboost_model_25K_74F_231111, platform=None, authentication=None, verbose=True)
2023-11-13 18:31:01,710:INFO:load_model(model_name=xgboost_model_25K_74F_231111, platform=None, authentication=None, verbose=True)
2023-11-13 18:31:01,833:WARNING:/Users/1108232/PycharmProjects/MADS-699-Capstone-fa23-team12/venv/lib/python3.9/site-packages/pycaret/internal/pipeline.py:139: UserWarning: Version mismatch:
current: {'deps_info': {'pip': '21.3.1', 'setuptools': '60.2.0', 'pycaret': '3.1.0', 'IPython': '8.16.1', 'ipywidgets': '8.1.1', 'tqdm': '4.66.1', 'numpy': '1.23.5', 'pandas': '1.5.3', 'jinja2': '3.1.2', 'scipy': '1.10.1', 'joblib': '1.3.2', 'sklearn': '1.2.2', 'pyod': '1.1.0', 'imblearn': '0.11.0', 'category_encoders': '2.6.2', 'lightgbm': 'Installed but version unavailable', 'numba': '0.58.0', 'requests': '2.31.0', 'matplotlib': '3.7.0', 'scikitplot': '0.3.7', 'yellowbrick': '1.5', 'plotly': '5.17.0', 'plotly-resampler': 'Not installed', 'kaleido': '0.2.1', 'schemdraw': '0.15', 'statsmodels': '0.14.0', 'sktime': '0.21.1', 'tbats': '1.1.3', 'pmdarima': '2.0.3', 'psutil': '5.9.5', 'markupsafe': '2.1.3', 'pickle5': 'Not installed', 'cloudpickle': '3.0.0', 'deprecation': '2.1.0', 'xxhash': '3.4.1', 'wurlitzer': '3.0.3'}, 'python': {'version': '3.9.12', 'machine': 'arm64'}}
pickle: {'deps_info': {'pip': '21.3.1', 'setuptools': '60.2.0', 'pycaret': '3.1.0', 'IPython': '8.16.1', 'ipywidgets': '8.1.1', 'tqdm': '4.66.1', 'numpy': '1.23.5', 'pandas': '1.5.3', 'jinja2': '3.1.2', 'scipy': '1.10.1', 'joblib': '1.3.2', 'sklearn': '1.2.2', 'pyod': '1.1.0', 'imblearn': '0.11.0', 'category_encoders': '2.6.2', 'lightgbm': '4.1.0', 'numba': '0.58.0', 'requests': '2.31.0', 'matplotlib': '3.7.0', 'scikitplot': '0.3.7', 'yellowbrick': '1.5', 'plotly': '5.17.0', 'plotly-resampler': 'Not installed', 'kaleido': '0.2.1', 'schemdraw': '0.15', 'statsmodels': '0.14.0', 'sktime': '0.21.1', 'tbats': '1.1.3', 'pmdarima': '2.0.3', 'psutil': '5.9.5', 'markupsafe': '2.1.3', 'pickle5': 'Not installed', 'cloudpickle': '3.0.0', 'deprecation': '2.1.0', 'xxhash': '3.4.1', 'wurlitzer': '3.0.3'}, 'python': {'version': '3.9.12', 'machine': 'arm64'}}
  warnings.warn(

2023-11-13 18:31:01,834:INFO:Transformation Pipeline and Model Successfully Loaded
2023-11-13 18:31:01,834:INFO:Initializing load_model()
2023-11-13 18:31:01,834:INFO:load_model(model_name=xgboost_model_25K_74F_231111, platform=None, authentication=None, verbose=True)
2023-11-13 18:31:01,847:INFO:Transformation Pipeline and Model Successfully Loaded
2023-11-13 18:31:01,848:INFO:Initializing load_model()
2023-11-13 18:31:01,848:INFO:load_model(model_name=xgboost_model_25K_74F_231111, platform=None, authentication=None, verbose=True)
2023-11-13 18:31:01,858:INFO:Initializing load_model()
2023-11-13 18:31:01,858:INFO:load_model(model_name=xgboost_model_25K_74F_231111, platform=None, authentication=None, verbose=True)
2023-11-13 18:31:09,067:INFO:Initializing load_model()
2023-11-13 18:31:09,067:INFO:load_model(model_name=xgboost_model_25K_74F_231111, platform=None, authentication=None, verbose=True)
2023-11-13 18:31:09,145:INFO:Initializing load_model()
2023-11-13 18:31:09,145:INFO:load_model(model_name=xgboost_model_25K_74F_231111, platform=None, authentication=None, verbose=True)
2023-11-13 18:31:11,428:INFO:Initializing load_model()
2023-11-13 18:31:11,428:INFO:load_model(model_name=xgboost_model_25K_74F_231111, platform=None, authentication=None, verbose=True)
2023-11-13 18:31:11,503:INFO:Initializing load_model()
2023-11-13 18:31:11,503:INFO:load_model(model_name=xgboost_model_25K_74F_231111, platform=None, authentication=None, verbose=True)
2023-11-13 18:31:15,629:INFO:Initializing load_model()
2023-11-13 18:31:15,629:INFO:load_model(model_name=xgboost_model_25K_74F_231111, platform=None, authentication=None, verbose=True)
2023-11-13 18:31:15,708:INFO:Initializing load_model()
2023-11-13 18:31:15,709:INFO:load_model(model_name=xgboost_model_25K_74F_231111, platform=None, authentication=None, verbose=True)
2023-11-13 18:31:18,645:INFO:Initializing load_model()
2023-11-13 18:31:18,646:INFO:load_model(model_name=xgboost_model_25K_74F_231111, platform=None, authentication=None, verbose=True)
2023-11-13 18:31:18,721:INFO:Initializing load_model()
2023-11-13 18:31:18,722:INFO:load_model(model_name=xgboost_model_25K_74F_231111, platform=None, authentication=None, verbose=True)
2023-11-13 18:31:33,507:INFO:Initializing load_model()
2023-11-13 18:31:33,510:INFO:load_model(model_name=xgboost_model_25K_74F_231111, platform=None, authentication=None, verbose=True)
2023-11-13 18:31:33,579:INFO:Initializing load_model()
2023-11-13 18:31:33,579:INFO:load_model(model_name=xgboost_model_25K_74F_231111, platform=None, authentication=None, verbose=True)
2023-11-13 18:31:58,479:INFO:Initializing load_model()
2023-11-13 18:31:58,479:INFO:load_model(model_name=xgboost_model_25K_74F_231111, platform=None, authentication=None, verbose=True)
2023-11-13 18:31:58,546:INFO:Initializing load_model()
2023-11-13 18:31:58,546:INFO:load_model(model_name=xgboost_model_25K_74F_231111, platform=None, authentication=None, verbose=True)
2023-11-13 18:33:44,667:INFO:Initializing load_model()
2023-11-13 18:33:44,667:INFO:load_model(model_name=xgboost_model_25K_74F_231111, platform=None, authentication=None, verbose=True)
2023-11-13 18:33:44,747:INFO:Initializing load_model()
2023-11-13 18:33:44,747:INFO:load_model(model_name=xgboost_model_25K_74F_231111, platform=None, authentication=None, verbose=True)
2023-11-13 18:33:51,555:INFO:Initializing load_model()
2023-11-13 18:33:51,556:INFO:load_model(model_name=xgboost_model_25K_74F_231111, platform=None, authentication=None, verbose=True)
2023-11-13 18:33:51,719:INFO:Initializing load_model()
2023-11-13 18:33:51,719:INFO:load_model(model_name=xgboost_model_25K_74F_231111, platform=None, authentication=None, verbose=True)
2023-11-13 18:34:13,224:INFO:Initializing load_model()
2023-11-13 18:34:13,238:INFO:load_model(model_name=xgboost_model_25K_74F_231111, platform=None, authentication=None, verbose=True)
2023-11-13 18:34:13,784:INFO:Initializing load_model()
2023-11-13 18:34:13,784:INFO:load_model(model_name=xgboost_model_25K_74F_231111, platform=None, authentication=None, verbose=True)
