2023-10-29 19:27:42,412:WARNING:
'cuml' is a soft dependency and not included in the pycaret installation. Please run: `pip install cuml` to install.
2023-10-29 19:27:42,413:WARNING:
'cuml' is a soft dependency and not included in the pycaret installation. Please run: `pip install cuml` to install.
2023-10-29 19:27:42,413:WARNING:
'cuml' is a soft dependency and not included in the pycaret installation. Please run: `pip install cuml` to install.
2023-10-29 19:27:42,413:WARNING:
'cuml' is a soft dependency and not included in the pycaret installation. Please run: `pip install cuml` to install.
2023-10-29 19:27:46,096:INFO:Initializing load_model()
2023-10-29 19:27:46,097:INFO:load_model(model_name=xgboost_model_20231021, platform=None, authentication=None, verbose=True)
2023-10-29 19:28:36,425:INFO:Initializing load_model()
2023-10-29 19:28:36,425:INFO:load_model(model_name=xgboost_model_20231021, platform=None, authentication=None, verbose=True)
2023-10-29 19:28:46,255:INFO:Initializing load_model()
2023-10-29 19:28:46,256:INFO:load_model(model_name=xgboost_model_20231021, platform=None, authentication=None, verbose=True)
2023-10-29 19:29:06,657:INFO:Initializing load_model()
2023-10-29 19:29:06,658:INFO:load_model(model_name=xgboost_model_20231021, platform=None, authentication=None, verbose=True)
2023-10-29 19:29:12,212:INFO:Initializing load_model()
2023-10-29 19:29:12,213:INFO:load_model(model_name=xgboost_model_20231021, platform=None, authentication=None, verbose=True)
2023-10-29 19:29:56,866:INFO:Initializing load_model()
2023-10-29 19:29:56,868:INFO:load_model(model_name=xgboost_model_20231021, platform=None, authentication=None, verbose=True)
2023-10-29 19:30:02,223:INFO:Initializing load_model()
2023-10-29 19:30:02,224:INFO:load_model(model_name=xgboost_model_20231021, platform=None, authentication=None, verbose=True)
2023-10-29 19:30:14,639:INFO:Initializing load_model()
2023-10-29 19:30:14,639:INFO:load_model(model_name=xgboost_model_20231021, platform=None, authentication=None, verbose=True)
2023-10-29 19:30:19,223:INFO:Initializing load_model()
2023-10-29 19:30:19,224:INFO:load_model(model_name=xgboost_model_20231021, platform=None, authentication=None, verbose=True)
2023-10-29 19:31:03,154:INFO:Initializing load_model()
2023-10-29 19:31:03,155:INFO:load_model(model_name=xgboost_model_20231021, platform=None, authentication=None, verbose=True)
2023-10-29 19:31:07,416:INFO:Initializing load_model()
2023-10-29 19:31:07,416:INFO:load_model(model_name=xgboost_model_20231021, platform=None, authentication=None, verbose=True)
2023-10-29 19:31:37,688:INFO:Initializing load_model()
2023-10-29 19:31:37,689:INFO:load_model(model_name=xgboost_model_20231021, platform=None, authentication=None, verbose=True)
2023-10-29 19:31:37,900:INFO:Initializing load_model()
2023-10-29 19:31:37,900:INFO:load_model(model_name=xgboost_model_20231021, platform=None, authentication=None, verbose=True)
2023-10-29 19:52:40,303:WARNING:
'cuml' is a soft dependency and not included in the pycaret installation. Please run: `pip install cuml` to install.
2023-10-29 19:52:40,304:WARNING:
'cuml' is a soft dependency and not included in the pycaret installation. Please run: `pip install cuml` to install.
2023-10-29 19:52:40,304:WARNING:
'cuml' is a soft dependency and not included in the pycaret installation. Please run: `pip install cuml` to install.
2023-10-29 19:52:40,304:WARNING:
'cuml' is a soft dependency and not included in the pycaret installation. Please run: `pip install cuml` to install.
2023-10-29 19:52:41,016:INFO:Initializing load_model()
2023-10-29 19:52:41,016:INFO:load_model(model_name=xgboost_model_20231021, platform=None, authentication=None, verbose=True)
2023-10-29 19:52:52,366:INFO:Initializing load_model()
2023-10-29 19:52:52,368:INFO:load_model(model_name=xgboost_model_20231021, platform=None, authentication=None, verbose=True)
2023-10-29 19:52:54,029:INFO:Initializing load_model()
2023-10-29 19:52:54,030:INFO:load_model(model_name=xgboost_model_20231021, platform=None, authentication=None, verbose=True)
2023-10-29 19:53:04,409:INFO:Initializing load_model()
2023-10-29 19:53:04,410:INFO:load_model(model_name=xgboost_model_20231021, platform=None, authentication=None, verbose=True)
2023-10-29 19:53:14,530:INFO:Initializing load_model()
2023-10-29 19:53:14,531:INFO:load_model(model_name=xgboost_model_20231021, platform=None, authentication=None, verbose=True)
2023-10-29 19:53:29,904:INFO:Initializing load_model()
2023-10-29 19:53:29,904:INFO:load_model(model_name=xgboost_model_20231021, platform=None, authentication=None, verbose=True)
2023-10-29 19:54:03,141:INFO:Initializing load_model()
2023-10-29 19:54:03,141:INFO:load_model(model_name=xgboost_model_20231021, platform=None, authentication=None, verbose=True)
2023-10-29 19:54:08,636:INFO:Initializing load_model()
2023-10-29 19:54:08,637:INFO:load_model(model_name=xgboost_model_20231021, platform=None, authentication=None, verbose=True)
2023-10-29 19:54:14,896:INFO:Initializing load_model()
2023-10-29 19:54:14,897:INFO:load_model(model_name=xgboost_model_20231021, platform=None, authentication=None, verbose=True)
2023-10-29 20:16:59,807:INFO:Initializing load_model()
2023-10-29 20:16:59,808:INFO:load_model(model_name=xgboost_model_20231021, platform=None, authentication=None, verbose=True)
2023-10-29 20:17:06,172:INFO:Initializing load_model()
2023-10-29 20:17:06,172:INFO:load_model(model_name=xgboost_model_20231021, platform=None, authentication=None, verbose=True)
2023-10-29 20:17:11,225:INFO:Initializing load_model()
2023-10-29 20:17:11,225:INFO:load_model(model_name=xgboost_model_20231021, platform=None, authentication=None, verbose=True)
2023-10-29 20:24:12,539:INFO:Initializing load_model()
2023-10-29 20:24:12,539:INFO:load_model(model_name=xgboost_model_20231021, platform=None, authentication=None, verbose=True)
2023-10-29 20:24:17,182:INFO:Initializing load_model()
2023-10-29 20:24:17,183:INFO:load_model(model_name=xgboost_model_20231021, platform=None, authentication=None, verbose=True)
2023-10-29 20:24:25,770:INFO:Initializing load_model()
2023-10-29 20:24:25,771:INFO:load_model(model_name=xgboost_model_20231021, platform=None, authentication=None, verbose=True)
2023-10-29 20:26:09,858:INFO:Initializing load_model()
2023-10-29 20:26:09,859:INFO:load_model(model_name=xgboost_model_20231021, platform=None, authentication=None, verbose=True)
2023-10-29 20:26:15,978:INFO:Initializing load_model()
2023-10-29 20:26:15,979:INFO:load_model(model_name=xgboost_model_20231021, platform=None, authentication=None, verbose=True)
2023-10-29 20:26:19,763:INFO:Initializing load_model()
2023-10-29 20:26:19,765:INFO:load_model(model_name=xgboost_model_20231021, platform=None, authentication=None, verbose=True)
2023-10-29 20:32:02,728:INFO:Initializing load_model()
2023-10-29 20:32:02,729:INFO:load_model(model_name=xgboost_model_20231021, platform=None, authentication=None, verbose=True)
2023-10-29 20:32:08,165:INFO:Initializing load_model()
2023-10-29 20:32:08,166:INFO:load_model(model_name=xgboost_model_20231021, platform=None, authentication=None, verbose=True)
2023-10-29 20:32:11,952:INFO:Initializing load_model()
2023-10-29 20:32:11,953:INFO:load_model(model_name=xgboost_model_20231021, platform=None, authentication=None, verbose=True)
2023-10-29 20:33:13,887:INFO:Initializing load_model()
2023-10-29 20:33:13,887:INFO:load_model(model_name=xgboost_model_20231021, platform=None, authentication=None, verbose=True)
2023-10-29 20:33:19,440:INFO:Initializing load_model()
2023-10-29 20:33:19,441:INFO:load_model(model_name=xgboost_model_20231021, platform=None, authentication=None, verbose=True)
2023-10-29 20:33:32,088:INFO:Initializing load_model()
2023-10-29 20:33:32,089:INFO:load_model(model_name=xgboost_model_20231021, platform=None, authentication=None, verbose=True)
2023-10-29 20:35:09,095:INFO:Initializing load_model()
2023-10-29 20:35:09,095:INFO:load_model(model_name=xgboost_model_20231021, platform=None, authentication=None, verbose=True)
2023-10-29 20:35:13,777:INFO:Initializing load_model()
2023-10-29 20:35:13,777:INFO:load_model(model_name=xgboost_model_20231021, platform=None, authentication=None, verbose=True)
2023-10-29 20:35:19,484:INFO:Initializing load_model()
2023-10-29 20:35:19,485:INFO:load_model(model_name=xgboost_model_20231021, platform=None, authentication=None, verbose=True)
2023-10-29 20:35:45,312:INFO:Initializing load_model()
2023-10-29 20:35:45,312:INFO:load_model(model_name=xgboost_model_20231021, platform=None, authentication=None, verbose=True)
2023-10-29 20:41:31,670:INFO:Initializing load_model()
2023-10-29 20:41:31,671:INFO:load_model(model_name=xgboost_model_20231021, platform=None, authentication=None, verbose=True)
2023-10-29 20:41:42,802:INFO:Initializing load_model()
2023-10-29 20:41:42,805:INFO:load_model(model_name=xgboost_model_20231021, platform=None, authentication=None, verbose=True)
2023-10-29 20:41:47,811:INFO:Initializing load_model()
2023-10-29 20:41:47,812:INFO:load_model(model_name=xgboost_model_20231021, platform=None, authentication=None, verbose=True)
2023-10-29 20:41:57,054:INFO:Initializing load_model()
2023-10-29 20:41:57,056:INFO:load_model(model_name=xgboost_model_20231021, platform=None, authentication=None, verbose=True)
2023-10-29 20:42:09,568:INFO:Initializing load_model()
2023-10-29 20:42:09,569:INFO:load_model(model_name=xgboost_model_20231021, platform=None, authentication=None, verbose=True)
2023-10-29 20:42:19,203:INFO:Initializing load_model()
2023-10-29 20:42:19,204:INFO:load_model(model_name=xgboost_model_20231021, platform=None, authentication=None, verbose=True)
2023-10-29 20:42:30,980:INFO:Initializing load_model()
2023-10-29 20:42:30,981:INFO:load_model(model_name=xgboost_model_20231021, platform=None, authentication=None, verbose=True)
2023-10-29 20:45:35,770:INFO:Initializing load_model()
2023-10-29 20:45:35,771:INFO:load_model(model_name=xgboost_model_20231021, platform=None, authentication=None, verbose=True)
2023-10-29 20:45:36,063:INFO:Initializing load_model()
2023-10-29 20:45:36,063:INFO:load_model(model_name=xgboost_model_20231021, platform=None, authentication=None, verbose=True)
2023-10-29 20:46:01,777:INFO:Initializing load_model()
2023-10-29 20:46:01,778:INFO:load_model(model_name=xgboost_model_20231021, platform=None, authentication=None, verbose=True)
2023-10-29 20:50:02,406:INFO:Initializing load_model()
2023-10-29 20:50:02,406:INFO:load_model(model_name=xgboost_model_20231021, platform=None, authentication=None, verbose=True)
2023-10-29 20:50:07,385:INFO:Initializing load_model()
2023-10-29 20:50:07,385:INFO:load_model(model_name=xgboost_model_20231021, platform=None, authentication=None, verbose=True)
2023-10-29 20:50:11,356:INFO:Initializing load_model()
2023-10-29 20:50:11,356:INFO:load_model(model_name=xgboost_model_20231021, platform=None, authentication=None, verbose=True)
2023-10-29 20:58:51,974:INFO:Initializing load_model()
2023-10-29 20:58:51,976:INFO:load_model(model_name=xgboost_model_20231021, platform=None, authentication=None, verbose=True)
2023-10-29 20:58:57,567:INFO:Initializing load_model()
2023-10-29 20:58:57,568:INFO:load_model(model_name=xgboost_model_20231021, platform=None, authentication=None, verbose=True)
2023-10-29 20:59:01,354:INFO:Initializing load_model()
2023-10-29 20:59:01,355:INFO:load_model(model_name=xgboost_model_20231021, platform=None, authentication=None, verbose=True)
2023-10-29 20:59:47,057:INFO:Initializing load_model()
2023-10-29 20:59:47,058:INFO:load_model(model_name=xgboost_model_20231021, platform=None, authentication=None, verbose=True)
2023-10-29 21:02:19,446:INFO:Initializing load_model()
2023-10-29 21:02:19,447:INFO:load_model(model_name=xgboost_model_20231021, platform=None, authentication=None, verbose=True)
2023-10-29 21:02:24,309:INFO:Initializing load_model()
2023-10-29 21:02:24,309:INFO:load_model(model_name=xgboost_model_20231021, platform=None, authentication=None, verbose=True)
2023-10-29 21:02:28,109:INFO:Initializing load_model()
2023-10-29 21:02:28,112:INFO:load_model(model_name=xgboost_model_20231021, platform=None, authentication=None, verbose=True)
2023-10-29 21:05:21,406:INFO:Initializing load_model()
2023-10-29 21:05:21,407:INFO:load_model(model_name=xgboost_model_20231021, platform=None, authentication=None, verbose=True)
2023-10-29 21:06:01,145:INFO:Initializing load_model()
2023-10-29 21:06:01,145:INFO:load_model(model_name=xgboost_model_20231021, platform=None, authentication=None, verbose=True)
2023-10-29 21:06:10,058:INFO:Initializing load_model()
2023-10-29 21:06:10,060:INFO:load_model(model_name=xgboost_model_20231021, platform=None, authentication=None, verbose=True)
2023-10-29 21:08:13,636:INFO:Initializing load_model()
2023-10-29 21:08:13,639:INFO:load_model(model_name=xgboost_model_20231021, platform=None, authentication=None, verbose=True)
2023-10-29 21:12:29,146:INFO:Initializing load_model()
2023-10-29 21:12:29,147:INFO:load_model(model_name=xgboost_model_20231021, platform=None, authentication=None, verbose=True)
2023-10-29 21:12:35,083:INFO:Initializing load_model()
2023-10-29 21:12:35,084:INFO:load_model(model_name=xgboost_model_20231021, platform=None, authentication=None, verbose=True)
2023-10-29 21:12:39,788:INFO:Initializing load_model()
2023-10-29 21:12:39,789:INFO:load_model(model_name=xgboost_model_20231021, platform=None, authentication=None, verbose=True)
2023-10-29 21:15:23,926:INFO:Initializing load_model()
2023-10-29 21:15:23,926:INFO:load_model(model_name=xgboost_model_20231021, platform=None, authentication=None, verbose=True)
2023-10-29 21:17:43,199:INFO:Initializing load_model()
2023-10-29 21:17:43,200:INFO:load_model(model_name=xgboost_model_20231021, platform=None, authentication=None, verbose=True)
2023-10-29 21:18:00,594:INFO:Initializing load_model()
2023-10-29 21:18:00,599:INFO:load_model(model_name=xgboost_model_20231021, platform=None, authentication=None, verbose=True)
2023-10-29 21:18:54,212:INFO:Initializing load_model()
2023-10-29 21:18:54,213:INFO:load_model(model_name=xgboost_model_20231021, platform=None, authentication=None, verbose=True)
2023-10-29 21:19:05,554:INFO:Initializing load_model()
2023-10-29 21:19:05,554:INFO:load_model(model_name=xgboost_model_20231021, platform=None, authentication=None, verbose=True)
2023-10-29 21:30:37,692:INFO:Initializing load_model()
2023-10-29 21:30:37,694:INFO:load_model(model_name=xgboost_model_20231021, platform=None, authentication=None, verbose=True)
2023-10-29 21:31:28,555:INFO:Initializing load_model()
2023-10-29 21:31:28,555:INFO:load_model(model_name=xgboost_model_20231021, platform=None, authentication=None, verbose=True)
2023-10-29 21:32:46,760:INFO:Initializing load_model()
2023-10-29 21:32:46,760:INFO:load_model(model_name=xgboost_model_20231021, platform=None, authentication=None, verbose=True)
2023-10-29 21:33:07,895:INFO:Initializing load_model()
2023-10-29 21:33:07,895:INFO:load_model(model_name=xgboost_model_20231021, platform=None, authentication=None, verbose=True)
2023-10-29 21:33:25,129:INFO:Initializing load_model()
2023-10-29 21:33:25,130:INFO:load_model(model_name=xgboost_model_20231021, platform=None, authentication=None, verbose=True)
2023-10-29 21:34:16,675:INFO:Initializing load_model()
2023-10-29 21:34:16,676:INFO:load_model(model_name=xgboost_model_20231021, platform=None, authentication=None, verbose=True)
2023-10-29 21:34:31,719:INFO:Initializing load_model()
2023-10-29 21:34:31,720:INFO:load_model(model_name=xgboost_model_20231021, platform=None, authentication=None, verbose=True)
2023-10-29 21:34:50,777:INFO:Initializing load_model()
2023-10-29 21:34:50,778:INFO:load_model(model_name=xgboost_model_20231021, platform=None, authentication=None, verbose=True)
2023-10-29 21:35:14,987:INFO:Initializing load_model()
2023-10-29 21:35:14,988:INFO:load_model(model_name=xgboost_model_20231021, platform=None, authentication=None, verbose=True)
2023-10-29 21:36:13,541:INFO:Initializing load_model()
2023-10-29 21:36:13,541:INFO:load_model(model_name=xgboost_model_20231021, platform=None, authentication=None, verbose=True)
2023-10-29 21:36:13,757:INFO:Initializing load_model()
2023-10-29 21:36:13,757:INFO:load_model(model_name=xgboost_model_20231021, platform=None, authentication=None, verbose=True)
2023-10-29 21:36:24,063:INFO:Initializing load_model()
2023-10-29 21:36:24,064:INFO:load_model(model_name=xgboost_model_20231021, platform=None, authentication=None, verbose=True)
2023-10-29 21:42:16,935:INFO:Initializing load_model()
2023-10-29 21:42:16,936:INFO:load_model(model_name=xgboost_model_20231021, platform=None, authentication=None, verbose=True)
2023-10-29 21:42:39,926:INFO:Initializing load_model()
2023-10-29 21:42:39,928:INFO:load_model(model_name=xgboost_model_20231021, platform=None, authentication=None, verbose=True)
2023-10-29 21:42:41,898:INFO:Initializing load_model()
2023-10-29 21:42:41,898:INFO:load_model(model_name=xgboost_model_20231021, platform=None, authentication=None, verbose=True)
2023-10-29 21:42:59,020:INFO:Initializing load_model()
2023-10-29 21:42:59,020:INFO:load_model(model_name=xgboost_model_20231021, platform=None, authentication=None, verbose=True)
2023-10-29 21:44:22,378:INFO:Initializing load_model()
2023-10-29 21:44:22,378:INFO:load_model(model_name=xgboost_model_20231021, platform=None, authentication=None, verbose=True)
2023-10-29 21:44:28,884:INFO:Initializing load_model()
2023-10-29 21:44:28,885:INFO:load_model(model_name=xgboost_model_20231021, platform=None, authentication=None, verbose=True)
2023-10-29 21:44:35,244:INFO:Initializing load_model()
2023-10-29 21:44:35,245:INFO:load_model(model_name=xgboost_model_20231021, platform=None, authentication=None, verbose=True)
2023-10-29 21:44:43,112:INFO:Initializing load_model()
2023-10-29 21:44:43,112:INFO:load_model(model_name=xgboost_model_20231021, platform=None, authentication=None, verbose=True)
2023-10-29 21:44:48,250:INFO:Initializing load_model()
2023-10-29 21:44:48,251:INFO:load_model(model_name=xgboost_model_20231021, platform=None, authentication=None, verbose=True)
2023-10-29 21:45:09,355:INFO:Initializing load_model()
2023-10-29 21:45:09,355:INFO:load_model(model_name=xgboost_model_20231021, platform=None, authentication=None, verbose=True)
2023-10-29 21:48:17,010:INFO:Initializing load_model()
2023-10-29 21:48:17,010:INFO:load_model(model_name=xgboost_model_20231021, platform=None, authentication=None, verbose=True)
2023-10-29 21:48:26,674:INFO:Initializing load_model()
2023-10-29 21:48:26,675:INFO:load_model(model_name=xgboost_model_20231021, platform=None, authentication=None, verbose=True)
2023-10-29 21:48:31,805:INFO:Initializing load_model()
2023-10-29 21:48:31,805:INFO:load_model(model_name=xgboost_model_20231021, platform=None, authentication=None, verbose=True)
2023-10-29 21:49:23,920:INFO:Initializing load_model()
2023-10-29 21:49:23,921:INFO:load_model(model_name=xgboost_model_20231021, platform=None, authentication=None, verbose=True)
2023-10-29 21:49:39,433:INFO:Initializing load_model()
2023-10-29 21:49:39,433:INFO:load_model(model_name=xgboost_model_20231021, platform=None, authentication=None, verbose=True)
2023-10-29 21:50:02,178:INFO:Initializing load_model()
2023-10-29 21:50:02,179:INFO:load_model(model_name=xgboost_model_20231021, platform=None, authentication=None, verbose=True)
2023-10-29 21:51:14,450:INFO:Initializing load_model()
2023-10-29 21:51:14,454:INFO:load_model(model_name=xgboost_model_20231021, platform=None, authentication=None, verbose=True)
2023-10-29 21:51:34,041:INFO:Initializing load_model()
2023-10-29 21:51:34,041:INFO:load_model(model_name=xgboost_model_20231021, platform=None, authentication=None, verbose=True)
2023-10-29 21:51:40,806:INFO:Initializing load_model()
2023-10-29 21:51:40,808:INFO:load_model(model_name=xgboost_model_20231021, platform=None, authentication=None, verbose=True)
2023-10-29 21:53:47,362:INFO:Initializing load_model()
2023-10-29 21:53:47,363:INFO:load_model(model_name=xgboost_model_20231021, platform=None, authentication=None, verbose=True)
2023-10-29 21:54:15,065:INFO:Initializing load_model()
2023-10-29 21:54:15,065:INFO:load_model(model_name=xgboost_model_20231021, platform=None, authentication=None, verbose=True)
2023-10-29 21:54:40,581:INFO:Initializing load_model()
2023-10-29 21:54:40,582:INFO:load_model(model_name=xgboost_model_20231021, platform=None, authentication=None, verbose=True)
2023-10-29 21:54:40,824:INFO:Initializing load_model()
2023-10-29 21:54:40,824:INFO:load_model(model_name=xgboost_model_20231021, platform=None, authentication=None, verbose=True)
2023-10-29 21:54:55,494:INFO:Initializing load_model()
2023-10-29 21:54:55,495:INFO:load_model(model_name=xgboost_model_20231021, platform=None, authentication=None, verbose=True)
2023-10-29 21:54:55,715:INFO:Initializing load_model()
2023-10-29 21:54:55,715:INFO:load_model(model_name=xgboost_model_20231021, platform=None, authentication=None, verbose=True)
2023-10-29 21:55:02,933:INFO:Initializing load_model()
2023-10-29 21:55:02,933:INFO:load_model(model_name=xgboost_model_20231021, platform=None, authentication=None, verbose=True)
2023-10-29 21:56:36,209:INFO:Initializing load_model()
2023-10-29 21:56:36,209:INFO:load_model(model_name=xgboost_model_20231021, platform=None, authentication=None, verbose=True)
2023-10-29 21:56:36,467:INFO:Initializing load_model()
2023-10-29 21:56:36,467:INFO:load_model(model_name=xgboost_model_20231021, platform=None, authentication=None, verbose=True)
2023-10-29 21:56:44,119:INFO:Initializing load_model()
2023-10-29 21:56:44,119:INFO:load_model(model_name=xgboost_model_20231021, platform=None, authentication=None, verbose=True)
2023-10-29 21:57:04,541:INFO:Initializing load_model()
2023-10-29 21:57:04,543:INFO:load_model(model_name=xgboost_model_20231021, platform=None, authentication=None, verbose=True)
2023-10-29 22:09:38,935:INFO:Initializing load_model()
2023-10-29 22:09:38,940:INFO:load_model(model_name=xgboost_model_20231021, platform=None, authentication=None, verbose=True)
2023-10-29 22:11:44,614:INFO:Initializing load_model()
2023-10-29 22:11:44,616:INFO:load_model(model_name=xgboost_model_20231021, platform=None, authentication=None, verbose=True)
2023-10-29 22:13:09,343:INFO:Initializing load_model()
2023-10-29 22:13:09,344:INFO:load_model(model_name=xgboost_model_20231021, platform=None, authentication=None, verbose=True)
2023-10-29 22:13:18,727:INFO:Initializing load_model()
2023-10-29 22:13:18,727:INFO:load_model(model_name=xgboost_model_20231021, platform=None, authentication=None, verbose=True)
2023-10-29 22:15:14,414:INFO:Initializing load_model()
2023-10-29 22:15:14,415:INFO:load_model(model_name=xgboost_model_20231021, platform=None, authentication=None, verbose=True)
2023-10-29 22:16:21,769:INFO:Initializing load_model()
2023-10-29 22:16:21,770:INFO:load_model(model_name=xgboost_model_20231021, platform=None, authentication=None, verbose=True)
2023-10-29 22:17:19,740:INFO:Initializing load_model()
2023-10-29 22:17:19,740:INFO:load_model(model_name=xgboost_model_20231021, platform=None, authentication=None, verbose=True)
2023-10-29 22:19:32,871:INFO:Initializing load_model()
2023-10-29 22:19:32,872:INFO:load_model(model_name=xgboost_model_20231021, platform=None, authentication=None, verbose=True)
2023-10-29 22:19:38,625:INFO:Initializing load_model()
2023-10-29 22:19:38,626:INFO:load_model(model_name=xgboost_model_20231021, platform=None, authentication=None, verbose=True)
2023-10-29 22:21:36,597:INFO:Initializing load_model()
2023-10-29 22:21:36,598:INFO:load_model(model_name=xgboost_model_20231021, platform=None, authentication=None, verbose=True)
2023-10-29 22:21:45,338:INFO:Initializing load_model()
2023-10-29 22:21:45,338:INFO:load_model(model_name=xgboost_model_20231021, platform=None, authentication=None, verbose=True)
2023-10-29 22:21:53,336:INFO:Initializing load_model()
2023-10-29 22:21:53,337:INFO:load_model(model_name=xgboost_model_20231021, platform=None, authentication=None, verbose=True)
2023-10-29 22:22:39,918:INFO:Initializing load_model()
2023-10-29 22:22:39,918:INFO:load_model(model_name=xgboost_model_20231021, platform=None, authentication=None, verbose=True)
2023-10-29 22:26:46,168:INFO:Initializing load_model()
2023-10-29 22:26:46,169:INFO:load_model(model_name=xgboost_model_20231021, platform=None, authentication=None, verbose=True)
2023-10-29 22:28:29,729:INFO:Initializing load_model()
2023-10-29 22:28:29,729:INFO:load_model(model_name=xgboost_model_20231021, platform=None, authentication=None, verbose=True)
2023-10-29 22:29:58,871:INFO:Initializing load_model()
2023-10-29 22:29:58,871:INFO:load_model(model_name=xgboost_model_20231021, platform=None, authentication=None, verbose=True)
2023-10-29 22:30:22,097:INFO:Initializing load_model()
2023-10-29 22:30:22,097:INFO:load_model(model_name=xgboost_model_20231021, platform=None, authentication=None, verbose=True)
2023-10-29 22:32:33,736:INFO:Initializing load_model()
2023-10-29 22:32:33,736:INFO:load_model(model_name=xgboost_model_20231021, platform=None, authentication=None, verbose=True)
2023-10-29 22:32:45,317:INFO:Initializing load_model()
2023-10-29 22:32:45,317:INFO:load_model(model_name=xgboost_model_20231021, platform=None, authentication=None, verbose=True)
2023-10-29 22:32:52,597:INFO:Initializing load_model()
2023-10-29 22:32:52,597:INFO:load_model(model_name=xgboost_model_20231021, platform=None, authentication=None, verbose=True)
2023-10-29 22:33:42,324:INFO:Initializing load_model()
2023-10-29 22:33:42,324:INFO:load_model(model_name=xgboost_model_20231021, platform=None, authentication=None, verbose=True)
2023-10-29 22:34:11,611:INFO:Initializing load_model()
2023-10-29 22:34:11,612:INFO:load_model(model_name=xgboost_model_20231021, platform=None, authentication=None, verbose=True)
2023-10-29 22:35:09,865:INFO:Initializing load_model()
2023-10-29 22:35:09,866:INFO:load_model(model_name=xgboost_model_20231021, platform=None, authentication=None, verbose=True)
2023-10-29 22:35:18,928:INFO:Initializing load_model()
2023-10-29 22:35:18,928:INFO:load_model(model_name=xgboost_model_20231021, platform=None, authentication=None, verbose=True)
2023-10-29 22:37:55,949:INFO:Initializing load_model()
2023-10-29 22:37:55,950:INFO:load_model(model_name=xgboost_model_20231021, platform=None, authentication=None, verbose=True)
2023-10-29 22:38:38,527:INFO:Initializing load_model()
2023-10-29 22:38:38,527:INFO:load_model(model_name=xgboost_model_20231021, platform=None, authentication=None, verbose=True)
2023-10-29 22:39:02,605:INFO:Initializing load_model()
2023-10-29 22:39:02,605:INFO:load_model(model_name=xgboost_model_20231021, platform=None, authentication=None, verbose=True)
2023-10-29 22:40:00,057:INFO:Initializing load_model()
2023-10-29 22:40:00,058:INFO:load_model(model_name=xgboost_model_20231021, platform=None, authentication=None, verbose=True)
2023-10-29 22:43:03,961:INFO:Initializing load_model()
2023-10-29 22:43:03,962:INFO:load_model(model_name=xgboost_model_20231021, platform=None, authentication=None, verbose=True)
2023-10-29 22:43:16,576:INFO:Initializing load_model()
2023-10-29 22:43:16,576:INFO:load_model(model_name=xgboost_model_20231021, platform=None, authentication=None, verbose=True)
2023-10-29 22:44:10,891:INFO:Initializing load_model()
2023-10-29 22:44:10,892:INFO:load_model(model_name=xgboost_model_20231021, platform=None, authentication=None, verbose=True)
2023-10-29 22:44:42,018:INFO:Initializing load_model()
2023-10-29 22:44:42,019:INFO:load_model(model_name=xgboost_model_20231021, platform=None, authentication=None, verbose=True)
2023-10-29 22:44:54,640:INFO:Initializing load_model()
2023-10-29 22:44:54,640:INFO:load_model(model_name=xgboost_model_20231021, platform=None, authentication=None, verbose=True)
2023-10-29 22:45:13,401:INFO:Initializing load_model()
2023-10-29 22:45:13,402:INFO:load_model(model_name=xgboost_model_20231021, platform=None, authentication=None, verbose=True)
2023-10-29 22:46:21,853:INFO:Initializing load_model()
2023-10-29 22:46:21,854:INFO:load_model(model_name=xgboost_model_20231021, platform=None, authentication=None, verbose=True)
2023-10-29 22:48:37,148:INFO:Initializing load_model()
2023-10-29 22:48:37,149:INFO:load_model(model_name=xgboost_model_20231021, platform=None, authentication=None, verbose=True)
2023-10-29 22:48:49,489:INFO:Initializing load_model()
2023-10-29 22:48:49,490:INFO:load_model(model_name=xgboost_model_20231021, platform=None, authentication=None, verbose=True)
2023-10-29 22:49:47,566:INFO:Initializing load_model()
2023-10-29 22:49:47,569:INFO:load_model(model_name=xgboost_model_20231021, platform=None, authentication=None, verbose=True)
2023-10-29 22:49:47,794:INFO:Initializing load_model()
2023-10-29 22:49:47,794:INFO:load_model(model_name=xgboost_model_20231021, platform=None, authentication=None, verbose=True)
2023-10-29 22:49:57,656:INFO:Initializing load_model()
2023-10-29 22:49:57,658:INFO:load_model(model_name=xgboost_model_20231021, platform=None, authentication=None, verbose=True)
2023-10-29 22:50:18,925:INFO:Initializing load_model()
2023-10-29 22:50:18,926:INFO:load_model(model_name=xgboost_model_20231021, platform=None, authentication=None, verbose=True)
2023-10-29 23:07:03,604:INFO:Initializing load_model()
2023-10-29 23:07:03,605:INFO:load_model(model_name=xgboost_model_20231021, platform=None, authentication=None, verbose=True)
2023-10-29 23:07:03,999:INFO:Initializing load_model()
2023-10-29 23:07:03,999:INFO:load_model(model_name=xgboost_model_20231021, platform=None, authentication=None, verbose=True)
2023-10-29 23:07:18,232:INFO:Initializing load_model()
2023-10-29 23:07:18,233:INFO:load_model(model_name=xgboost_model_20231021, platform=None, authentication=None, verbose=True)
2023-10-29 23:22:43,181:INFO:Initializing load_model()
2023-10-29 23:22:43,183:INFO:load_model(model_name=xgboost_model_20231021, platform=None, authentication=None, verbose=True)
2023-10-29 23:55:04,015:INFO:Initializing load_model()
2023-10-29 23:55:04,015:INFO:load_model(model_name=xgboost_model_20231021, platform=None, authentication=None, verbose=True)
2023-10-30 01:17:26,584:INFO:Initializing load_model()
2023-10-30 01:17:26,585:INFO:load_model(model_name=xgboost_model_20231021, platform=None, authentication=None, verbose=True)
2023-10-30 04:01:08,002:INFO:Initializing load_model()
2023-10-30 04:01:08,009:INFO:load_model(model_name=xgboost_model_20231021, platform=None, authentication=None, verbose=True)
2023-10-30 04:33:46,324:INFO:Initializing load_model()
2023-10-30 04:33:46,325:INFO:load_model(model_name=xgboost_model_20231021, platform=None, authentication=None, verbose=True)
2023-10-30 05:06:23,750:INFO:Initializing load_model()
2023-10-30 05:06:23,775:INFO:load_model(model_name=xgboost_model_20231021, platform=None, authentication=None, verbose=True)
2023-10-30 05:24:10,650:INFO:Initializing load_model()
2023-10-30 05:24:10,652:INFO:load_model(model_name=xgboost_model_20231021, platform=None, authentication=None, verbose=True)
2023-10-30 08:23:18,273:INFO:Initializing load_model()
2023-10-30 08:23:18,274:INFO:load_model(model_name=xgboost_model_20231021, platform=None, authentication=None, verbose=True)
2023-10-30 08:26:16,660:INFO:Initializing load_model()
2023-10-30 08:26:16,662:INFO:load_model(model_name=xgboost_model_20231021, platform=None, authentication=None, verbose=True)
2023-10-30 19:12:16,736:INFO:Initializing load_model()
2023-10-30 19:12:16,776:INFO:load_model(model_name=xgboost_model_20231021, platform=None, authentication=None, verbose=True)
2023-10-30 19:54:39,091:INFO:Initializing load_model()
2023-10-30 19:54:39,097:INFO:load_model(model_name=xgboost_model_20231021, platform=None, authentication=None, verbose=True)
2023-10-31 00:39:22,334:INFO:Initializing load_model()
2023-10-31 00:39:22,448:INFO:load_model(model_name=xgboost_model_20231021, platform=None, authentication=None, verbose=True)
2023-10-31 01:30:54,733:INFO:Initializing load_model()
2023-10-31 01:30:54,737:INFO:load_model(model_name=xgboost_model_20231021, platform=None, authentication=None, verbose=True)
2023-10-31 01:48:21,946:INFO:Initializing load_model()
2023-10-31 01:48:21,948:INFO:load_model(model_name=xgboost_model_20231021, platform=None, authentication=None, verbose=True)
2023-10-31 03:12:04,571:INFO:Initializing load_model()
2023-10-31 03:12:04,572:INFO:load_model(model_name=xgboost_model_20231021, platform=None, authentication=None, verbose=True)
2023-10-31 08:59:54,052:INFO:Initializing load_model()
2023-10-31 08:59:54,069:INFO:load_model(model_name=xgboost_model_20231021, platform=None, authentication=None, verbose=True)
2023-10-31 14:01:47,974:INFO:Initializing load_model()
2023-10-31 14:01:48,002:INFO:load_model(model_name=xgboost_model_20231021, platform=None, authentication=None, verbose=True)
2023-10-31 15:06:18,161:INFO:Initializing load_model()
2023-10-31 15:06:18,168:INFO:load_model(model_name=xgboost_model_20231021, platform=None, authentication=None, verbose=True)
2023-10-31 18:09:24,496:INFO:Initializing load_model()
2023-10-31 18:09:24,516:INFO:load_model(model_name=xgboost_model_20231021, platform=None, authentication=None, verbose=True)
2023-10-31 18:11:01,635:INFO:Initializing load_model()
2023-10-31 18:11:01,636:INFO:load_model(model_name=xgboost_model_20231021, platform=None, authentication=None, verbose=True)
2023-10-31 18:13:49,185:INFO:Initializing load_model()
2023-10-31 18:13:49,186:INFO:load_model(model_name=xgboost_model_20231021, platform=None, authentication=None, verbose=True)
2023-10-31 19:54:22,807:INFO:Initializing load_model()
2023-10-31 19:54:22,808:INFO:load_model(model_name=xgboost_model_20231021, platform=None, authentication=None, verbose=True)
2023-10-31 20:31:34,566:INFO:Initializing load_model()
2023-10-31 20:31:34,569:INFO:load_model(model_name=xgboost_model_20231021, platform=None, authentication=None, verbose=True)
2023-10-31 21:03:29,470:INFO:Initializing load_model()
2023-10-31 21:03:29,471:INFO:load_model(model_name=xgboost_model_20231021, platform=None, authentication=None, verbose=True)
2023-10-31 21:21:27,372:INFO:Initializing load_model()
2023-10-31 21:21:27,373:INFO:load_model(model_name=xgboost_model_20231021, platform=None, authentication=None, verbose=True)
2023-10-31 21:53:50,309:INFO:Initializing load_model()
2023-10-31 21:53:50,309:INFO:load_model(model_name=xgboost_model_20231021, platform=None, authentication=None, verbose=True)
2023-11-01 01:39:56,582:INFO:Initializing load_model()
2023-11-01 01:39:56,583:INFO:load_model(model_name=xgboost_model_20231021, platform=None, authentication=None, verbose=True)
2023-11-01 02:28:18,007:INFO:Initializing load_model()
2023-11-01 02:28:18,008:INFO:load_model(model_name=xgboost_model_20231021, platform=None, authentication=None, verbose=True)
2023-11-01 09:15:37,187:INFO:Initializing load_model()
2023-11-01 09:15:37,190:INFO:load_model(model_name=xgboost_model_20231021, platform=None, authentication=None, verbose=True)
2023-11-01 09:29:14,959:INFO:Initializing load_model()
2023-11-01 09:29:14,965:INFO:load_model(model_name=xgboost_model_20231021, platform=None, authentication=None, verbose=True)
2023-11-01 11:40:02,053:INFO:Initializing load_model()
2023-11-01 11:40:02,062:INFO:load_model(model_name=xgboost_model_20231021, platform=None, authentication=None, verbose=True)
2023-11-01 14:54:07,389:INFO:Initializing load_model()
2023-11-01 14:54:07,392:INFO:load_model(model_name=xgboost_model_20231021, platform=None, authentication=None, verbose=True)
2023-11-01 14:55:50,986:INFO:Initializing load_model()
2023-11-01 14:55:50,987:INFO:load_model(model_name=xgboost_model_20231021, platform=None, authentication=None, verbose=True)
2023-11-01 16:29:03,318:INFO:Initializing load_model()
2023-11-01 16:29:03,319:INFO:load_model(model_name=xgboost_model_20231021, platform=None, authentication=None, verbose=True)
2023-11-01 18:07:04,747:INFO:Initializing load_model()
2023-11-01 18:07:04,749:INFO:load_model(model_name=xgboost_model_20231021, platform=None, authentication=None, verbose=True)
2023-11-01 18:14:59,605:INFO:Initializing load_model()
2023-11-01 18:14:59,606:INFO:load_model(model_name=xgboost_model_20231021, platform=None, authentication=None, verbose=True)
2023-11-01 18:17:03,906:INFO:Initializing load_model()
2023-11-01 18:17:03,908:INFO:load_model(model_name=xgboost_model_20231021, platform=None, authentication=None, verbose=True)
2023-11-01 18:18:12,939:INFO:Initializing load_model()
2023-11-01 18:18:12,940:INFO:load_model(model_name=xgboost_model_20231021, platform=None, authentication=None, verbose=True)
2023-11-01 19:04:59,907:INFO:Initializing load_model()
2023-11-01 19:04:59,908:INFO:load_model(model_name=xgboost_model_20231021, platform=None, authentication=None, verbose=True)
2023-11-01 20:03:26,989:INFO:Initializing load_model()
2023-11-01 20:03:26,990:INFO:load_model(model_name=xgboost_model_20231021, platform=None, authentication=None, verbose=True)
2023-11-01 20:06:44,630:INFO:Initializing load_model()
2023-11-01 20:06:44,635:INFO:load_model(model_name=xgboost_model_20231021, platform=None, authentication=None, verbose=True)
2023-11-01 20:54:19,225:INFO:Initializing load_model()
2023-11-01 20:54:19,226:INFO:load_model(model_name=xgboost_model_20231021, platform=None, authentication=None, verbose=True)
2023-11-01 21:03:10,805:INFO:Initializing load_model()
2023-11-01 21:03:10,820:INFO:load_model(model_name=xgboost_model_20231021, platform=None, authentication=None, verbose=True)
2023-11-01 21:08:08,720:INFO:Initializing load_model()
2023-11-01 21:08:08,723:INFO:load_model(model_name=xgboost_model_20231021, platform=None, authentication=None, verbose=True)
2023-11-01 21:11:00,481:INFO:Initializing load_model()
2023-11-01 21:11:00,485:INFO:load_model(model_name=xgboost_model_20231021, platform=None, authentication=None, verbose=True)
2023-11-01 21:12:00,491:INFO:Initializing load_model()
2023-11-01 21:12:00,493:INFO:load_model(model_name=xgboost_model_20231021, platform=None, authentication=None, verbose=True)
2023-11-01 21:12:45,040:INFO:Initializing load_model()
2023-11-01 21:12:45,043:INFO:load_model(model_name=xgboost_model_20231021, platform=None, authentication=None, verbose=True)
2023-11-01 21:13:08,775:INFO:Initializing load_model()
2023-11-01 21:13:08,775:INFO:load_model(model_name=xgboost_model_20231021, platform=None, authentication=None, verbose=True)
2023-11-01 21:13:20,307:INFO:Initializing load_model()
2023-11-01 21:13:20,308:INFO:load_model(model_name=xgboost_model_20231021, platform=None, authentication=None, verbose=True)
2023-11-01 22:42:17,707:INFO:Initializing load_model()
2023-11-01 22:42:17,711:INFO:load_model(model_name=xgboost_model_20231021, platform=None, authentication=None, verbose=True)
2023-11-01 22:42:27,591:INFO:Initializing load_model()
2023-11-01 22:42:27,591:INFO:load_model(model_name=xgboost_model_20231021, platform=None, authentication=None, verbose=True)
2023-11-01 22:43:14,332:INFO:Initializing load_model()
2023-11-01 22:43:14,332:INFO:load_model(model_name=xgboost_model_20231021, platform=None, authentication=None, verbose=True)
2023-11-01 22:43:36,782:INFO:Initializing load_model()
2023-11-01 22:43:36,783:INFO:load_model(model_name=xgboost_model_20231021, platform=None, authentication=None, verbose=True)
2023-11-01 22:43:50,860:INFO:Initializing load_model()
2023-11-01 22:43:50,860:INFO:load_model(model_name=xgboost_model_20231021, platform=None, authentication=None, verbose=True)
2023-11-01 22:44:13,547:INFO:Initializing load_model()
2023-11-01 22:44:13,548:INFO:load_model(model_name=xgboost_model_20231021, platform=None, authentication=None, verbose=True)
2023-11-01 22:44:13,663:INFO:Initializing load_model()
2023-11-01 22:44:13,664:INFO:load_model(model_name=xgboost_model_20231021, platform=None, authentication=None, verbose=True)
2023-11-01 22:44:20,290:INFO:Initializing load_model()
2023-11-01 22:44:20,291:INFO:load_model(model_name=xgboost_model_20231021, platform=None, authentication=None, verbose=True)
2023-11-02 02:59:40,211:INFO:Initializing load_model()
2023-11-02 02:59:40,215:INFO:load_model(model_name=xgboost_model_20231021, platform=None, authentication=None, verbose=True)
2023-11-02 02:59:40,441:INFO:Initializing load_model()
2023-11-02 02:59:40,441:INFO:load_model(model_name=xgboost_model_20231021, platform=None, authentication=None, verbose=True)
2023-11-02 02:59:40,443:INFO:Initializing load_model()
2023-11-02 02:59:40,443:INFO:load_model(model_name=xgboost_model_20231021, platform=None, authentication=None, verbose=True)
2023-11-02 03:50:42,519:INFO:Initializing load_model()
2023-11-02 03:50:42,522:INFO:load_model(model_name=xgboost_model_20231021, platform=None, authentication=None, verbose=True)
2023-11-02 08:06:07,260:INFO:Initializing load_model()
2023-11-02 08:06:07,265:INFO:load_model(model_name=xgboost_model_20231021, platform=None, authentication=None, verbose=True)
2023-11-02 08:06:07,456:INFO:Initializing load_model()
2023-11-02 08:06:07,456:INFO:load_model(model_name=xgboost_model_20231021, platform=None, authentication=None, verbose=True)
2023-11-02 11:49:26,188:INFO:Initializing load_model()
2023-11-02 11:49:26,217:INFO:load_model(model_name=xgboost_model_20231021, platform=None, authentication=None, verbose=True)
2023-11-02 11:49:26,292:INFO:Initializing load_model()
2023-11-02 11:49:26,292:INFO:load_model(model_name=xgboost_model_20231021, platform=None, authentication=None, verbose=True)
2023-11-02 11:49:26,299:INFO:Initializing load_model()
2023-11-02 11:49:26,307:INFO:load_model(model_name=xgboost_model_20231021, platform=None, authentication=None, verbose=True)
2023-11-02 12:26:14,048:INFO:Initializing load_model()
2023-11-02 12:26:14,049:INFO:load_model(model_name=xgboost_model_20231021, platform=None, authentication=None, verbose=True)
2023-11-02 12:26:14,049:INFO:Initializing load_model()
2023-11-02 12:26:14,050:INFO:load_model(model_name=xgboost_model_20231021, platform=None, authentication=None, verbose=True)
2023-11-02 12:26:14,126:INFO:Initializing load_model()
2023-11-02 12:26:14,127:INFO:load_model(model_name=xgboost_model_20231021, platform=None, authentication=None, verbose=True)
2023-11-02 12:43:15,217:INFO:Initializing load_model()
2023-11-02 12:43:15,218:INFO:load_model(model_name=xgboost_model_20231021, platform=None, authentication=None, verbose=True)
2023-11-02 12:43:15,317:INFO:Initializing load_model()
2023-11-02 12:43:15,317:INFO:load_model(model_name=xgboost_model_20231021, platform=None, authentication=None, verbose=True)
2023-11-02 13:00:40,969:INFO:Initializing load_model()
2023-11-02 13:00:40,970:INFO:load_model(model_name=xgboost_model_20231021, platform=None, authentication=None, verbose=True)
2023-11-02 13:10:05,810:INFO:Initializing load_model()
2023-11-02 13:10:05,810:INFO:load_model(model_name=xgboost_model_20231021, platform=None, authentication=None, verbose=True)
2023-11-02 13:10:05,843:INFO:Initializing load_model()
2023-11-02 13:10:05,843:INFO:load_model(model_name=xgboost_model_20231021, platform=None, authentication=None, verbose=True)
2023-11-02 13:54:26,986:INFO:Initializing load_model()
2023-11-02 13:54:27,006:INFO:load_model(model_name=xgboost_model_20231021, platform=None, authentication=None, verbose=True)
2023-11-02 13:54:27,208:INFO:Initializing load_model()
2023-11-02 13:54:27,211:INFO:load_model(model_name=xgboost_model_20231021, platform=None, authentication=None, verbose=True)
2023-11-02 13:54:27,527:INFO:Initializing load_model()
2023-11-02 13:54:27,536:INFO:load_model(model_name=xgboost_model_20231021, platform=None, authentication=None, verbose=True)
2023-11-02 13:56:01,440:INFO:Initializing load_model()
2023-11-02 13:56:01,442:INFO:load_model(model_name=xgboost_model_20231021, platform=None, authentication=None, verbose=True)
2023-11-02 13:56:01,555:INFO:Initializing load_model()
2023-11-02 13:56:01,591:INFO:load_model(model_name=xgboost_model_20231021, platform=None, authentication=None, verbose=True)
2023-11-02 17:58:44,809:INFO:Initializing load_model()
2023-11-02 17:58:44,812:INFO:load_model(model_name=xgboost_model_20231021, platform=None, authentication=None, verbose=True)
2023-11-02 17:58:44,829:INFO:Initializing load_model()
2023-11-02 17:58:44,830:INFO:load_model(model_name=xgboost_model_20231021, platform=None, authentication=None, verbose=True)
2023-11-02 17:58:44,868:INFO:Initializing load_model()
2023-11-02 17:58:44,869:INFO:load_model(model_name=xgboost_model_20231021, platform=None, authentication=None, verbose=True)
2023-11-02 18:06:37,079:INFO:Initializing load_model()
2023-11-02 18:06:37,079:INFO:load_model(model_name=xgboost_model_20231021, platform=None, authentication=None, verbose=True)
2023-11-02 18:08:35,319:INFO:Initializing load_model()
2023-11-02 18:08:35,321:INFO:load_model(model_name=xgboost_model_20231021, platform=None, authentication=None, verbose=True)
2023-11-02 18:48:17,985:INFO:Initializing load_model()
2023-11-02 18:48:17,989:INFO:load_model(model_name=xgboost_model_20231021, platform=None, authentication=None, verbose=True)
2023-11-02 18:48:18,512:INFO:Initializing load_model()
2023-11-02 18:48:18,512:INFO:load_model(model_name=xgboost_model_20231021, platform=None, authentication=None, verbose=True)
2023-11-02 18:48:21,069:INFO:Initializing load_model()
2023-11-02 18:48:21,069:INFO:load_model(model_name=xgboost_model_20231021, platform=None, authentication=None, verbose=True)
2023-11-02 19:55:07,178:INFO:Initializing load_model()
2023-11-02 19:55:07,179:INFO:load_model(model_name=xgboost_model_20231021, platform=None, authentication=None, verbose=True)
2023-11-02 19:55:08,242:INFO:Initializing load_model()
2023-11-02 19:55:08,242:INFO:load_model(model_name=xgboost_model_20231021, platform=None, authentication=None, verbose=True)
2023-11-02 20:10:09,312:INFO:Initializing load_model()
2023-11-02 20:10:09,313:INFO:load_model(model_name=xgboost_model_20231021, platform=None, authentication=None, verbose=True)
2023-11-02 20:10:09,414:INFO:Initializing load_model()
2023-11-02 20:10:09,414:INFO:load_model(model_name=xgboost_model_20231021, platform=None, authentication=None, verbose=True)
2023-11-02 20:10:09,464:INFO:Initializing load_model()
2023-11-02 20:10:09,464:INFO:load_model(model_name=xgboost_model_20231021, platform=None, authentication=None, verbose=True)
2023-11-02 20:21:25,598:INFO:Initializing load_model()
2023-11-02 20:21:25,598:INFO:load_model(model_name=xgboost_model_20231021, platform=None, authentication=None, verbose=True)
2023-11-02 20:21:27,629:INFO:Initializing load_model()
2023-11-02 20:21:27,629:INFO:load_model(model_name=xgboost_model_20231021, platform=None, authentication=None, verbose=True)
2023-11-02 20:21:27,629:INFO:Initializing load_model()
2023-11-02 20:21:27,630:INFO:load_model(model_name=xgboost_model_20231021, platform=None, authentication=None, verbose=True)
2023-11-02 20:25:35,040:INFO:Initializing load_model()
2023-11-02 20:25:35,041:INFO:load_model(model_name=xgboost_model_20231021, platform=None, authentication=None, verbose=True)
2023-11-02 20:26:35,775:INFO:Initializing load_model()
2023-11-02 20:26:35,776:INFO:load_model(model_name=xgboost_model_20231021, platform=None, authentication=None, verbose=True)
2023-11-02 20:26:40,147:INFO:Initializing load_model()
2023-11-02 20:26:40,148:INFO:load_model(model_name=xgboost_model_20231021, platform=None, authentication=None, verbose=True)
2023-11-02 23:23:08,927:INFO:Initializing load_model()
2023-11-02 23:23:08,930:INFO:load_model(model_name=xgboost_model_20231021, platform=None, authentication=None, verbose=True)
2023-11-02 23:23:09,015:INFO:Initializing load_model()
2023-11-02 23:23:09,015:INFO:load_model(model_name=xgboost_model_20231021, platform=None, authentication=None, verbose=True)
2023-11-02 23:23:09,057:INFO:Initializing load_model()
2023-11-02 23:23:09,063:INFO:load_model(model_name=xgboost_model_20231021, platform=None, authentication=None, verbose=True)
2023-11-03 00:47:29,236:INFO:Initializing load_model()
2023-11-03 00:47:29,238:INFO:load_model(model_name=xgboost_model_20231021, platform=None, authentication=None, verbose=True)
2023-11-03 00:47:29,347:INFO:Initializing load_model()
2023-11-03 00:47:29,351:INFO:load_model(model_name=xgboost_model_20231021, platform=None, authentication=None, verbose=True)
2023-11-03 00:47:29,397:INFO:Initializing load_model()
2023-11-03 00:47:29,398:INFO:load_model(model_name=xgboost_model_20231021, platform=None, authentication=None, verbose=True)
2023-11-03 01:52:41,117:INFO:Initializing load_model()
2023-11-03 01:52:41,118:INFO:load_model(model_name=xgboost_model_20231021, platform=None, authentication=None, verbose=True)
2023-11-03 01:52:41,220:INFO:Initializing load_model()
2023-11-03 01:52:41,220:INFO:load_model(model_name=xgboost_model_20231021, platform=None, authentication=None, verbose=True)
2023-11-03 01:52:41,350:INFO:Initializing load_model()
2023-11-03 01:52:41,350:INFO:load_model(model_name=xgboost_model_20231021, platform=None, authentication=None, verbose=True)
2023-11-03 04:06:50,616:INFO:Initializing load_model()
2023-11-03 04:06:50,617:INFO:load_model(model_name=xgboost_model_20231021, platform=None, authentication=None, verbose=True)
2023-11-03 04:43:10,505:INFO:Initializing load_model()
2023-11-03 04:43:10,509:INFO:load_model(model_name=xgboost_model_20231021, platform=None, authentication=None, verbose=True)
2023-11-03 08:34:44,200:INFO:Initializing load_model()
2023-11-03 08:34:44,204:INFO:load_model(model_name=xgboost_model_20231021, platform=None, authentication=None, verbose=True)
2023-11-03 10:17:16,278:INFO:Initializing load_model()
2023-11-03 10:17:16,288:INFO:load_model(model_name=xgboost_model_20231021, platform=None, authentication=None, verbose=True)
2023-11-03 10:19:55,799:INFO:Initializing load_model()
2023-11-03 10:19:55,800:INFO:load_model(model_name=xgboost_model_20231021, platform=None, authentication=None, verbose=True)
2023-11-03 10:33:52,254:INFO:Initializing load_model()
2023-11-03 10:33:52,255:INFO:load_model(model_name=xgboost_model_20231021, platform=None, authentication=None, verbose=True)
